2003.04.21 14:36 B C:\Documents and Settings\Administrator\My Documents\Web\sea\html\Copy of the CD\by year\1998\IEEE Formal Review\searchable\aaa01944 --> hawk.cns.iit.edu /web/usr1/csep/csep/Web/sea/html/Copy of the CD/by year/by year/1998/IEEE Formal Review/searchable aaa01944
2003.04.21 14:36 B C:\Documents and Settings\Administrator\My Documents\Web\sea\html\Copy of the CD\by year\1998\IEEE Formal Review\searchable\aab01944 --> hawk.cns.iit.edu /web/usr1/csep/csep/Web/sea/html/Copy of the CD/by year/by year/1998/IEEE Formal Review/searchable aab01944
2003.04.21 14:36 B C:\Documents and Settings\Administrator\My Documents\Web\sea\html\Copy of the CD\by year\1998\IEEE Formal Review\searchable\DG questions his responses.pdf --> hawk.cns.iit.edu /web/usr1/csep/csep/Web/sea/html/Copy of the CD/by year/by year/1998/IEEE Formal Review/searchable DG questions his responses.pdf
2003.04.21 14:36 B C:\Documents and Settings\Administrator\My Documents\Web\sea\html\Copy of the CD\by year\1998\IEEE Formal Review\searchable\IEEE Review and response revised.pdf --> hawk.cns.iit.edu /web/usr1/csep/csep/Web/sea/html/Copy of the CD/by year/by year/1998/IEEE Formal Review/searchable IEEE Review and response revised.pdf
2003.04.21 14:36 B C:\Documents and Settings\Administrator\My Documents\Web\sea\html\Copy of the CD\by year\1998\IEEE Formal Review\searchable\IEEE Review and response.pdf --> hawk.cns.iit.edu /web/usr1/csep/csep/Web/sea/html/Copy of the CD/by year/by year/1998/IEEE Formal Review/searchable IEEE Review and response.pdf
2003.04.21 14:36 B C:\Documents and Settings\Administrator\My Documents\Web\sea\html\Copy of the CD\by year\1998\IEEE Formal Review\searchable\IEEE Review.pdf --> hawk.cns.iit.edu /web/usr1/csep/csep/Web/sea/html/Copy of the CD/by year/by year/1998/IEEE Formal Review/searchable IEEE Review.pdf
2003.04.21 14:36 B C:\Documents and Settings\Administrator\My Documents\Web\sea\html\Copy of the CD\by year\1998\IEEE Formal Review\searchable\Jacques BERLEUR committees coments.pdf --> hawk.cns.iit.edu /web/usr1/csep/csep/Web/sea/html/Copy of the CD/by year/by year/1998/IEEE Formal Review/searchable Jacques BERLEUR committees coments.pdf
2003.04.21 14:36 B C:\Documents and Settings\Administrator\My Documents\Web\sea\html\Copy of the CD\by year\1998\IEEE Formal Review\searchable\NotestoSKreVote.pdf --> hawk.cns.iit.edu /web/usr1/csep/csep/Web/sea/html/Copy of the CD/by year/by year/1998/IEEE Formal Review/searchable NotestoSKreVote.pdf
2003.04.21 14:36 B C:\Documents and Settings\Administrator\My Documents\Web\sea\html\Copy of the CD\by year\1998\IEEE Formal Review\searchable\REPLYDoNE.pdf --> hawk.cns.iit.edu /web/usr1/csep/csep/Web/sea/html/Copy of the CD/by year/by year/1998/IEEE Formal Review/searchable REPLYDoNE.pdf
2003.04.21 14:36 B C:\Documents and Settings\Administrator\My Documents\Web\sea\html\Copy of the CD\by year\1998\IEEE Formal Review\searchable\rply aug13.pdf --> hawk.cns.iit.edu /web/usr1/csep/csep/Web/sea/html/Copy of the CD/by year/by year/1998/IEEE Formal Review/searchable rply aug13.pdf
2003.04.21 14:36 B C:\Documents and Settings\Administrator\My Documents\Web\sea\html\Copy of the CD\by year\1998\IEEE Formal Review\searchable\SEVoteRply.pdf --> hawk.cns.iit.edu /web/usr1/csep/csep/Web/sea/html/Copy of the CD/by year/by year/1998/IEEE Formal Review/searchable SEVoteRply.pdf
2003.04.21 14:36 B C:\Documents and Settings\Administrator\My Documents\Web\sea\html\Copy of the CD\by year\1998\IEEE Formal Review\searchable\V5 changes per IEEE Comments.pdf --> hawk.cns.iit.edu /web/usr1/csep/csep/Web/sea/html/Copy of the CD/by year/by year/1998/IEEE Formal Review/searchable V5 changes per IEEE Comments.pdf
2003.04.21 14:36 B C:\Documents and Settings\Administrator\My Documents\Web\sea\html\Copy of the CD\by year\1998\IEEE Formal Review\searchable\VER40b.pdf --> hawk.cns.iit.edu /web/usr1/csep/csep/Web/sea/html/Copy of the CD/by year/by year/1998/IEEE Formal Review/searchable VER40b.pdf
2003.04.21 14:36 B C:\Documents and Settings\Administrator\My Documents\Web\sea\html\Copy of the CD\by year\1998\IEEE Formal Review\searchable\VER40C.pdf --> hawk.cns.iit.edu /web/usr1/csep/csep/Web/sea/html/Copy of the CD/by year/by year/1998/IEEE Formal Review/searchable VER40C.pdf
2003.04.21 14:46 B C:\Documents and Settings\Administrator\My Documents\Web\sea\html\Copy of the CD\by year\1998\IEEE Formal Review\searchable\aaa01944 --> hawk.cns.iit.edu /web/usr1/csep/csep/Web/sea/html/Copy of the CD/by year/1998/IEEE Formal Review/searchable aaa01944
2003.04.21 14:46 B C:\Documents and Settings\Administrator\My Documents\Web\sea\html\Copy of the CD\by year\1998\IEEE Formal Review\searchable\aab01944 --> hawk.cns.iit.edu /web/usr1/csep/csep/Web/sea/html/Copy of the CD/by year/1998/IEEE Formal Review/searchable aab01944
2003.04.21 14:46 B C:\Documents and Settings\Administrator\My Documents\Web\sea\html\Copy of the CD\by year\1998\IEEE Formal Review\searchable\DG questions his responses.pdf --> hawk.cns.iit.edu /web/usr1/csep/csep/Web/sea/html/Copy of the CD/by year/1998/IEEE Formal Review/searchable DG questions his responses.pdf
2003.04.21 14:46 B C:\Documents and Settings\Administrator\My Documents\Web\sea\html\Copy of the CD\by year\1998\IEEE Formal Review\searchable\IEEE Review and response revised.pdf --> hawk.cns.iit.edu /web/usr1/csep/csep/Web/sea/html/Copy of the CD/by year/1998/IEEE Formal Review/searchable IEEE Review and response revised.pdf
2003.04.21 14:46 B C:\Documents and Settings\Administrator\My Documents\Web\sea\html\Copy of the CD\by year\1998\IEEE Formal Review\searchable\IEEE Review and response.pdf --> hawk.cns.iit.edu /web/usr1/csep/csep/Web/sea/html/Copy of the CD/by year/1998/IEEE Formal Review/searchable IEEE Review and response.pdf
2003.04.21 14:46 B C:\Documents and Settings\Administrator\My Documents\Web\sea\html\Copy of the CD\by year\1998\IEEE Formal Review\searchable\IEEE Review.pdf --> hawk.cns.iit.edu /web/usr1/csep/csep/Web/sea/html/Copy of the CD/by year/1998/IEEE Formal Review/searchable IEEE Review.pdf
2003.04.21 14:46 B C:\Documents and Settings\Administrator\My Documents\Web\sea\html\Copy of the CD\by year\1998\IEEE Formal Review\searchable\Jacques BERLEUR committees coments.pdf --> hawk.cns.iit.edu /web/usr1/csep/csep/Web/sea/html/Copy of the CD/by year/1998/IEEE Formal Review/searchable Jacques BERLEUR committees coments.pdf
2003.04.21 14:46 B C:\Documents and Settings\Administrator\My Documents\Web\sea\html\Copy of the CD\by year\1998\IEEE Formal Review\searchable\NotestoSKreVote.pdf --> hawk.cns.iit.edu /web/usr1/csep/csep/Web/sea/html/Copy of the CD/by year/1998/IEEE Formal Review/searchable NotestoSKreVote.pdf
2003.04.21 14:46 B C:\Documents and Settings\Administrator\My Documents\Web\sea\html\Copy of the CD\by year\1998\IEEE Formal Review\searchable\REPLYDoNE.pdf --> hawk.cns.iit.edu /web/usr1/csep/csep/Web/sea/html/Copy of the CD/by year/1998/IEEE Formal Review/searchable REPLYDoNE.pdf
2003.04.21 14:46 B C:\Documents and Settings\Administrator\My Documents\Web\sea\html\Copy of the CD\by year\1998\IEEE Formal Review\searchable\rply aug13.pdf --> hawk.cns.iit.edu /web/usr1/csep/csep/Web/sea/html/Copy of the CD/by year/1998/IEEE Formal Review/searchable rply aug13.pdf
2003.04.21 14:46 B C:\Documents and Settings\Administrator\My Documents\Web\sea\html\Copy of the CD\by year\1998\IEEE Formal Review\searchable\SEVoteRply.pdf --> hawk.cns.iit.edu /web/usr1/csep/csep/Web/sea/html/Copy of the CD/by year/1998/IEEE Formal Review/searchable SEVoteRply.pdf
2003.04.21 14:46 B C:\Documents and Settings\Administrator\My Documents\Web\sea\html\Copy of the CD\by year\1998\IEEE Formal Review\searchable\V5 changes per IEEE Comments.pdf --> hawk.cns.iit.edu /web/usr1/csep/csep/Web/sea/html/Copy of the CD/by year/1998/IEEE Formal Review/searchable V5 changes per IEEE Comments.pdf
2003.04.21 14:46 B C:\Documents and Settings\Administrator\My Documents\Web\sea\html\Copy of the CD\by year\1998\IEEE Formal Review\searchable\VER40b.pdf --> hawk.cns.iit.edu /web/usr1/csep/csep/Web/sea/html/Copy of the CD/by year/1998/IEEE Formal Review/searchable VER40b.pdf
2003.04.21 14:46 B C:\Documents and Settings\Administrator\My Documents\Web\sea\html\Copy of the CD\by year\1998\IEEE Formal Review\searchable\VER40C.pdf --> hawk.cns.iit.edu /web/usr1/csep/csep/Web/sea/html/Copy of the CD/by year/1998/IEEE Formal Review/searchable VER40C.pdf
2003.04.21 14:46 B C:\Documents and Settings\Administrator\My Documents\Web\sea\html\Copy of the CD\by year\1998\IEEE Formal Review\searchable\WS_FTP.LOG --> hawk.cns.iit.edu /web/usr1/csep/csep/Web/sea/html/Copy of the CD/by year/1998/IEEE Formal Review/searchable WS_FTP.LOG
2004.11.12 21:45 B C:\Documents and Settings\Administrator\My Documents\Web\sea\html\Copy of the CD\by year\1998\IEEE Formal Review\searchable\aaa01944 --> hawk.iit.edu /web/usr1/csep/csep/Web/sea/html/Copy of the CD/by year/1998/IEEE Formal Review/searchable aaa01944
2004.11.12 21:45 B C:\Documents and Settings\Administrator\My Documents\Web\sea\html\Copy of the CD\by year\1998\IEEE Formal Review\searchable\aab01944 --> hawk.iit.edu /web/usr1/csep/csep/Web/sea/html/Copy of the CD/by year/1998/IEEE Formal Review/searchable aab01944
2004.11.12 21:45 B C:\Documents and Settings\Administrator\My Documents\Web\sea\html\Copy of the CD\by year\1998\IEEE Formal Review\searchable\DG questions his responses.pdf --> hawk.iit.edu /web/usr1/csep/csep/Web/sea/html/Copy of the CD/by year/1998/IEEE Formal Review/searchable DG questions his responses.pdf
2004.11.12 21:45 B C:\Documents and Settings\Administrator\My Documents\Web\sea\html\Copy of the CD\by year\1998\IEEE Formal Review\searchable\IEEE Review and response revised.pdf --> hawk.iit.edu /web/usr1/csep/csep/Web/sea/html/Copy of the CD/by year/1998/IEEE Formal Review/searchable IEEE Review and response revised.pdf
2004.11.12 21:46 B C:\Documents and Settings\Administrator\My Documents\Web\sea\html\Copy of the CD\by year\1998\IEEE Formal Review\searchable\IEEE Review and response.pdf --> hawk.iit.edu /web/usr1/csep/csep/Web/sea/html/Copy of the CD/by year/1998/IEEE Formal Review/searchable IEEE Review and response.pdf
2004.11.12 21:47 B C:\Documents and Settings\Administrator\My Documents\Web\sea\html\Copy of the CD\by year\1998\IEEE Formal Review\searchable\IEEE Review.pdf --> hawk.iit.edu /web/usr1/csep/csep/Web/sea/html/Copy of the CD/by year/1998/IEEE Formal Review/searchable IEEE Review.pdf
2004.11.12 21:47 B C:\Documents and Settings\Administrator\My Documents\Web\sea\html\Copy of the CD\by year\1998\IEEE Formal Review\searchable\Jacques BERLEUR committees coments.pdf --> hawk.iit.edu /web/usr1/csep/csep/Web/sea/html/Copy of the CD/by year/1998/IEEE Formal Review/searchable Jacques BERLEUR committees coments.pdf
2004.11.12 21:47 B C:\Documents and Settings\Administrator\My Documents\Web\sea\html\Copy of the CD\by year\1998\IEEE Formal Review\searchable\NotestoSKreVote.pdf --> hawk.iit.edu /web/usr1/csep/csep/Web/sea/html/Copy of the CD/by year/1998/IEEE Formal Review/searchable NotestoSKreVote.pdf
2004.11.12 21:48 B C:\Documents and Settings\Administrator\My Documents\Web\sea\html\Copy of the CD\by year\1998\IEEE Formal Review\searchable\REPLYDoNE.pdf --> hawk.iit.edu /web/usr1/csep/csep/Web/sea/html/Copy of the CD/by year/1998/IEEE Formal Review/searchable REPLYDoNE.pdf
2004.11.12 21:48 B C:\Documents and Settings\Administrator\My Documents\Web\sea\html\Copy of the CD\by year\1998\IEEE Formal Review\searchable\rply aug13.pdf --> hawk.iit.edu /web/usr1/csep/csep/Web/sea/html/Copy of the CD/by year/1998/IEEE Formal Review/searchable rply aug13.pdf
2004.11.12 21:49 B C:\Documents and Settings\Administrator\My Documents\Web\sea\html\Copy of the CD\by year\1998\IEEE Formal Review\searchable\SEVoteRply.pdf --> hawk.iit.edu /web/usr1/csep/csep/Web/sea/html/Copy of the CD/by year/1998/IEEE Formal Review/searchable SEVoteRply.pdf
2004.11.12 21:49 B C:\Documents and Settings\Administrator\My Documents\Web\sea\html\Copy of the CD\by year\1998\IEEE Formal Review\searchable\V5 changes per IEEE Comments.pdf --> hawk.iit.edu /web/usr1/csep/csep/Web/sea/html/Copy of the CD/by year/1998/IEEE Formal Review/searchable V5 changes per IEEE Comments.pdf
2004.11.12 21:49 B C:\Documents and Settings\Administrator\My Documents\Web\sea\html\Copy of the CD\by year\1998\IEEE Formal Review\searchable\VER40b.pdf --> hawk.iit.edu /web/usr1/csep/csep/Web/sea/html/Copy of the CD/by year/1998/IEEE Formal Review/searchable VER40b.pdf
2004.11.12 21:50 B C:\Documents and Settings\Administrator\My Documents\Web\sea\html\Copy of the CD\by year\1998\IEEE Formal Review\searchable\VER40C.pdf --> hawk.iit.edu /web/usr1/csep/csep/Web/sea/html/Copy of the CD/by year/1998/IEEE Formal Review/searchable VER40C.pdf
2004.11.12 21:50 B C:\Documents and Settings\Administrator\My Documents\Web\sea\html\Copy of the CD\by year\1998\IEEE Formal Review\searchable\WS_FTP.LOG --> hawk.iit.edu /web/usr1/csep/csep/Web/sea/html/Copy of the CD/by year/1998/IEEE Formal Review/searchable WS_FTP.LOG
