2003.04.21 14:35 B C:\Documents and Settings\Administrator\My Documents\Web\sea\html\Copy of the CD\by year\1993-4\Establishing the CFP\replicated\aaa01788 --> hawk.cns.iit.edu /web/usr1/csep/csep/Web/sea/html/Copy of the CD/by year/by year/1993-4/Establishing the CFP/replicated aaa01788
2003.04.21 14:35 B C:\Documents and Settings\Administrator\My Documents\Web\sea\html\Copy of the CD\by year\1993-4\Establishing the CFP\replicated\aab01788 --> hawk.cns.iit.edu /web/usr1/csep/csep/Web/sea/html/Copy of the CD/by year/by year/1993-4/Establishing the CFP/replicated aab01788
2003.04.21 14:35 B C:\Documents and Settings\Administrator\My Documents\Web\sea\html\Copy of the CD\by year\1993-4\Establishing the CFP\replicated\aac01788 --> hawk.cns.iit.edu /web/usr1/csep/csep/Web/sea/html/Copy of the CD/by year/by year/1993-4/Establishing the CFP/replicated aac01788
2003.04.21 14:35 B C:\Documents and Settings\Administrator\My Documents\Web\sea\html\Copy of the CD\by year\1993-4\Establishing the CFP\replicated\aad01788 --> hawk.cns.iit.edu /web/usr1/csep/csep/Web/sea/html/Copy of the CD/by year/by year/1993-4/Establishing the CFP/replicated aad01788
2003.04.21 14:35 B C:\Documents and Settings\Administrator\My Documents\Web\sea\html\Copy of the CD\by year\1993-4\Establishing the CFP\replicated\aae01788 --> hawk.cns.iit.edu /web/usr1/csep/csep/Web/sea/html/Copy of the CD/by year/by year/1993-4/Establishing the CFP/replicated aae01788
2003.04.21 14:35 B C:\Documents and Settings\Administrator\My Documents\Web\sea\html\Copy of the CD\by year\1993-4\Establishing the CFP\replicated\aaf01788 --> hawk.cns.iit.edu /web/usr1/csep/csep/Web/sea/html/Copy of the CD/by year/by year/1993-4/Establishing the CFP/replicated aaf01788
2003.04.21 14:35 B C:\Documents and Settings\Administrator\My Documents\Web\sea\html\Copy of the CD\by year\1993-4\Establishing the CFP\replicated\Announce in FALL 94 RACS.pdf --> hawk.cns.iit.edu /web/usr1/csep/csep/Web/sea/html/Copy of the CD/by year/by year/1993-4/Establishing the CFP/replicated Announce in FALL 94 RACS.pdf
2003.04.21 14:35 B C:\Documents and Settings\Administrator\My Documents\Web\sea\html\Copy of the CD\by year\1993-4\Establishing the CFP\replicated\CFP from OCTr 1994 FASE http.pdf --> hawk.cns.iit.edu /web/usr1/csep/csep/Web/sea/html/Copy of the CD/by year/by year/1993-4/Establishing the CFP/replicated CFP from OCTr 1994 FASE http.pdf
2003.04.21 14:35 B C:\Documents and Settings\Administrator\My Documents\Web\sea\html\Copy of the CD\by year\1993-4\Establishing the CFP\replicated\Critique of 1994 CFP.pdf --> hawk.cns.iit.edu /web/usr1/csep/csep/Web/sea/html/Copy of the CD/by year/by year/1993-4/Establishing the CFP/replicated Critique of 1994 CFP.pdf
2003.04.21 14:40 B C:\Documents and Settings\Administrator\My Documents\Web\sea\html\Copy of the CD\by year\1993-4\Establishing the CFP\replicated\aaa01788 --> hawk.cns.iit.edu /web/usr1/csep/csep/Web/sea/html/Copy of the CD/by year/1993-4/Establishing the CFP/replicated aaa01788
2003.04.21 14:40 B C:\Documents and Settings\Administrator\My Documents\Web\sea\html\Copy of the CD\by year\1993-4\Establishing the CFP\replicated\aab01788 --> hawk.cns.iit.edu /web/usr1/csep/csep/Web/sea/html/Copy of the CD/by year/1993-4/Establishing the CFP/replicated aab01788
2003.04.21 14:40 B C:\Documents and Settings\Administrator\My Documents\Web\sea\html\Copy of the CD\by year\1993-4\Establishing the CFP\replicated\aac01788 --> hawk.cns.iit.edu /web/usr1/csep/csep/Web/sea/html/Copy of the CD/by year/1993-4/Establishing the CFP/replicated aac01788
2003.04.21 14:40 B C:\Documents and Settings\Administrator\My Documents\Web\sea\html\Copy of the CD\by year\1993-4\Establishing the CFP\replicated\aad01788 --> hawk.cns.iit.edu /web/usr1/csep/csep/Web/sea/html/Copy of the CD/by year/1993-4/Establishing the CFP/replicated aad01788
2003.04.21 14:40 B C:\Documents and Settings\Administrator\My Documents\Web\sea\html\Copy of the CD\by year\1993-4\Establishing the CFP\replicated\aae01788 --> hawk.cns.iit.edu /web/usr1/csep/csep/Web/sea/html/Copy of the CD/by year/1993-4/Establishing the CFP/replicated aae01788
2003.04.21 14:40 B C:\Documents and Settings\Administrator\My Documents\Web\sea\html\Copy of the CD\by year\1993-4\Establishing the CFP\replicated\aaf01788 --> hawk.cns.iit.edu /web/usr1/csep/csep/Web/sea/html/Copy of the CD/by year/1993-4/Establishing the CFP/replicated aaf01788
2003.04.21 14:40 B C:\Documents and Settings\Administrator\My Documents\Web\sea\html\Copy of the CD\by year\1993-4\Establishing the CFP\replicated\WS_FTP.LOG --> hawk.cns.iit.edu /web/usr1/csep/csep/Web/sea/html/Copy of the CD/by year/1993-4/Establishing the CFP/replicated WS_FTP.LOG
2003.04.21 14:45 B C:\Documents and Settings\Administrator\My Documents\Web\sea\html\Copy of the CD\by year\1993-4\Establishing the CFP\replicated\aaa01788 --> hawk.cns.iit.edu /web/usr1/csep/csep/Web/sea/html/Copy of the CD/by year/1993-4/Establishing the CFP/replicated aaa01788
2003.04.21 14:45 B C:\Documents and Settings\Administrator\My Documents\Web\sea\html\Copy of the CD\by year\1993-4\Establishing the CFP\replicated\aab01788 --> hawk.cns.iit.edu /web/usr1/csep/csep/Web/sea/html/Copy of the CD/by year/1993-4/Establishing the CFP/replicated aab01788
2003.04.21 14:45 B C:\Documents and Settings\Administrator\My Documents\Web\sea\html\Copy of the CD\by year\1993-4\Establishing the CFP\replicated\aac01788 --> hawk.cns.iit.edu /web/usr1/csep/csep/Web/sea/html/Copy of the CD/by year/1993-4/Establishing the CFP/replicated aac01788
2003.04.21 14:45 B C:\Documents and Settings\Administrator\My Documents\Web\sea\html\Copy of the CD\by year\1993-4\Establishing the CFP\replicated\aad01788 --> hawk.cns.iit.edu /web/usr1/csep/csep/Web/sea/html/Copy of the CD/by year/1993-4/Establishing the CFP/replicated aad01788
2003.04.21 14:45 B C:\Documents and Settings\Administrator\My Documents\Web\sea\html\Copy of the CD\by year\1993-4\Establishing the CFP\replicated\aae01788 --> hawk.cns.iit.edu /web/usr1/csep/csep/Web/sea/html/Copy of the CD/by year/1993-4/Establishing the CFP/replicated aae01788
2003.04.21 14:45 B C:\Documents and Settings\Administrator\My Documents\Web\sea\html\Copy of the CD\by year\1993-4\Establishing the CFP\replicated\aaf01788 --> hawk.cns.iit.edu /web/usr1/csep/csep/Web/sea/html/Copy of the CD/by year/1993-4/Establishing the CFP/replicated aaf01788
2003.04.21 14:45 B C:\Documents and Settings\Administrator\My Documents\Web\sea\html\Copy of the CD\by year\1993-4\Establishing the CFP\replicated\Announce in FALL 94 RACS.pdf --> hawk.cns.iit.edu /web/usr1/csep/csep/Web/sea/html/Copy of the CD/by year/1993-4/Establishing the CFP/replicated Announce in FALL 94 RACS.pdf
2003.04.21 14:45 B C:\Documents and Settings\Administrator\My Documents\Web\sea\html\Copy of the CD\by year\1993-4\Establishing the CFP\replicated\CFP from OCTr 1994 FASE http.pdf --> hawk.cns.iit.edu /web/usr1/csep/csep/Web/sea/html/Copy of the CD/by year/1993-4/Establishing the CFP/replicated CFP from OCTr 1994 FASE http.pdf
2003.04.21 14:45 B C:\Documents and Settings\Administrator\My Documents\Web\sea\html\Copy of the CD\by year\1993-4\Establishing the CFP\replicated\Critique of 1994 CFP.pdf --> hawk.cns.iit.edu /web/usr1/csep/csep/Web/sea/html/Copy of the CD/by year/1993-4/Establishing the CFP/replicated Critique of 1994 CFP.pdf
2003.04.21 14:45 B C:\Documents and Settings\Administrator\My Documents\Web\sea\html\Copy of the CD\by year\1993-4\Establishing the CFP\replicated\WS_FTP.LOG --> hawk.cns.iit.edu /web/usr1/csep/csep/Web/sea/html/Copy of the CD/by year/1993-4/Establishing the CFP/replicated WS_FTP.LOG
2004.11.12 20:35 B C:\Documents and Settings\Administrator\My Documents\Web\sea\html\Copy of the CD\by year\1993-4\Establishing the CFP\replicated\aaa01788 --> hawk.iit.edu /web/usr1/csep/csep/Web/sea/html/Copy of the CD/by year/1993-4/Establishing the CFP/replicated aaa01788
2004.11.12 20:35 B C:\Documents and Settings\Administrator\My Documents\Web\sea\html\Copy of the CD\by year\1993-4\Establishing the CFP\replicated\aab01788 --> hawk.iit.edu /web/usr1/csep/csep/Web/sea/html/Copy of the CD/by year/1993-4/Establishing the CFP/replicated aab01788
2004.11.12 20:36 B C:\Documents and Settings\Administrator\My Documents\Web\sea\html\Copy of the CD\by year\1993-4\Establishing the CFP\replicated\aac01788 --> hawk.iit.edu /web/usr1/csep/csep/Web/sea/html/Copy of the CD/by year/1993-4/Establishing the CFP/replicated aac01788
2004.11.12 20:36 B C:\Documents and Settings\Administrator\My Documents\Web\sea\html\Copy of the CD\by year\1993-4\Establishing the CFP\replicated\aad01788 --> hawk.iit.edu /web/usr1/csep/csep/Web/sea/html/Copy of the CD/by year/1993-4/Establishing the CFP/replicated aad01788
2004.11.12 20:36 B C:\Documents and Settings\Administrator\My Documents\Web\sea\html\Copy of the CD\by year\1993-4\Establishing the CFP\replicated\aae01788 --> hawk.iit.edu /web/usr1/csep/csep/Web/sea/html/Copy of the CD/by year/1993-4/Establishing the CFP/replicated aae01788
2004.11.12 20:36 B C:\Documents and Settings\Administrator\My Documents\Web\sea\html\Copy of the CD\by year\1993-4\Establishing the CFP\replicated\aaf01788 --> hawk.iit.edu /web/usr1/csep/csep/Web/sea/html/Copy of the CD/by year/1993-4/Establishing the CFP/replicated aaf01788
2004.11.12 20:36 B C:\Documents and Settings\Administrator\My Documents\Web\sea\html\Copy of the CD\by year\1993-4\Establishing the CFP\replicated\Announce in FALL 94 RACS.pdf --> hawk.iit.edu /web/usr1/csep/csep/Web/sea/html/Copy of the CD/by year/1993-4/Establishing the CFP/replicated Announce in FALL 94 RACS.pdf
2004.11.12 20:36 B C:\Documents and Settings\Administrator\My Documents\Web\sea\html\Copy of the CD\by year\1993-4\Establishing the CFP\replicated\CFP from OCTr 1994 FASE http.pdf --> hawk.iit.edu /web/usr1/csep/csep/Web/sea/html/Copy of the CD/by year/1993-4/Establishing the CFP/replicated CFP from OCTr 1994 FASE http.pdf
2004.11.12 20:36 B C:\Documents and Settings\Administrator\My Documents\Web\sea\html\Copy of the CD\by year\1993-4\Establishing the CFP\replicated\Critique of 1994 CFP.pdf --> hawk.iit.edu /web/usr1/csep/csep/Web/sea/html/Copy of the CD/by year/1993-4/Establishing the CFP/replicated Critique of 1994 CFP.pdf
2004.11.12 20:36 B C:\Documents and Settings\Administrator\My Documents\Web\sea\html\Copy of the CD\by year\1993-4\Establishing the CFP\replicated\WS_FTP.LOG --> hawk.iit.edu /web/usr1/csep/csep/Web/sea/html/Copy of the CD/by year/1993-4/Establishing the CFP/replicated WS_FTP.LOG
