2003.04.21 14:36 B C:\Documents and Settings\Administrator\My Documents\Web\sea\html\Copy of the CD\by year\1996\draft 1\searchable\Cmt1 forwarded by Cabrera.pdf --> hawk.cns.iit.edu /web/usr1/csep/csep/Web/sea/html/Copy of the CD/by year/by year/1996/draft 1/searchable Cmt1 forwarded by Cabrera.pdf
2003.04.21 14:36 B C:\Documents and Settings\Administrator\My Documents\Web\sea\html\Copy of the CD\by year\1996\draft 1\searchable\comment on 1 Prinz.pdf --> hawk.cns.iit.edu /web/usr1/csep/csep/Web/sea/html/Copy of the CD/by year/by year/1996/draft 1/searchable comment on 1 Prinz.pdf
2003.04.21 14:36 B C:\Documents and Settings\Administrator\My Documents\Web\sea\html\Copy of the CD\by year\1996\draft 1\searchable\Duncan cmt oct.pdf --> hawk.cns.iit.edu /web/usr1/csep/csep/Web/sea/html/Copy of the CD/by year/by year/1996/draft 1/searchable Duncan cmt oct.pdf
2003.04.21 14:36 B C:\Documents and Settings\Administrator\My Documents\Web\sea\html\Copy of the CD\by year\1996\draft 1\searchable\Ed M Reply to Dennis F.pdf --> hawk.cns.iit.edu /web/usr1/csep/csep/Web/sea/html/Copy of the CD/by year/by year/1996/draft 1/searchable Ed M Reply to Dennis F.pdf
2003.04.21 14:36 B C:\Documents and Settings\Administrator\My Documents\Web\sea\html\Copy of the CD\by year\1996\draft 1\searchable\Frailey commnet.pdf --> hawk.cns.iit.edu /web/usr1/csep/csep/Web/sea/html/Copy of the CD/by year/by year/1996/draft 1/searchable Frailey commnet.pdf
2003.04.21 14:36 B C:\Documents and Settings\Administrator\My Documents\Web\sea\html\Copy of the CD\by year\1996\draft 1\searchable\Fulghum comment.pdf --> hawk.cns.iit.edu /web/usr1/csep/csep/Web/sea/html/Copy of the CD/by year/by year/1996/draft 1/searchable Fulghum comment.pdf
2003.04.21 14:40 B C:\Documents and Settings\Administrator\My Documents\Web\sea\html\Copy of the CD\by year\1996\draft 1\searchable\Cmt1 forwarded by Cabrera.pdf --> hawk.cns.iit.edu /web/usr1/csep/csep/Web/sea/html/Copy of the CD/by year/1996/draft 1/searchable Cmt1 forwarded by Cabrera.pdf
2003.04.21 14:40 B C:\Documents and Settings\Administrator\My Documents\Web\sea\html\Copy of the CD\by year\1996\draft 1\searchable\comment on 1 Prinz.pdf --> hawk.cns.iit.edu /web/usr1/csep/csep/Web/sea/html/Copy of the CD/by year/1996/draft 1/searchable comment on 1 Prinz.pdf
2003.04.21 14:40 B C:\Documents and Settings\Administrator\My Documents\Web\sea\html\Copy of the CD\by year\1996\draft 1\searchable\Duncan cmt oct.pdf --> hawk.cns.iit.edu /web/usr1/csep/csep/Web/sea/html/Copy of the CD/by year/1996/draft 1/searchable Duncan cmt oct.pdf
2003.04.21 14:40 B C:\Documents and Settings\Administrator\My Documents\Web\sea\html\Copy of the CD\by year\1996\draft 1\searchable\Ed M Reply to Dennis F.pdf --> hawk.cns.iit.edu /web/usr1/csep/csep/Web/sea/html/Copy of the CD/by year/1996/draft 1/searchable Ed M Reply to Dennis F.pdf
2003.04.21 14:40 B C:\Documents and Settings\Administrator\My Documents\Web\sea\html\Copy of the CD\by year\1996\draft 1\searchable\Frailey commnet.pdf --> hawk.cns.iit.edu /web/usr1/csep/csep/Web/sea/html/Copy of the CD/by year/1996/draft 1/searchable Frailey commnet.pdf
2003.04.21 14:40 B C:\Documents and Settings\Administrator\My Documents\Web\sea\html\Copy of the CD\by year\1996\draft 1\searchable\Fulghum comment.pdf --> hawk.cns.iit.edu /web/usr1/csep/csep/Web/sea/html/Copy of the CD/by year/1996/draft 1/searchable Fulghum comment.pdf
2003.04.21 14:40 B C:\Documents and Settings\Administrator\My Documents\Web\sea\html\Copy of the CD\by year\1996\draft 1\searchable\WS_FTP.LOG --> hawk.cns.iit.edu /web/usr1/csep/csep/Web/sea/html/Copy of the CD/by year/1996/draft 1/searchable WS_FTP.LOG
2003.04.21 14:45 B C:\Documents and Settings\Administrator\My Documents\Web\sea\html\Copy of the CD\by year\1996\draft 1\searchable\Cmt1 forwarded by Cabrera.pdf --> hawk.cns.iit.edu /web/usr1/csep/csep/Web/sea/html/Copy of the CD/by year/1996/draft 1/searchable Cmt1 forwarded by Cabrera.pdf
2003.04.21 14:45 B C:\Documents and Settings\Administrator\My Documents\Web\sea\html\Copy of the CD\by year\1996\draft 1\searchable\comment on 1 Prinz.pdf --> hawk.cns.iit.edu /web/usr1/csep/csep/Web/sea/html/Copy of the CD/by year/1996/draft 1/searchable comment on 1 Prinz.pdf
2003.04.21 14:45 B C:\Documents and Settings\Administrator\My Documents\Web\sea\html\Copy of the CD\by year\1996\draft 1\searchable\Duncan cmt oct.pdf --> hawk.cns.iit.edu /web/usr1/csep/csep/Web/sea/html/Copy of the CD/by year/1996/draft 1/searchable Duncan cmt oct.pdf
2003.04.21 14:45 B C:\Documents and Settings\Administrator\My Documents\Web\sea\html\Copy of the CD\by year\1996\draft 1\searchable\Ed M Reply to Dennis F.pdf --> hawk.cns.iit.edu /web/usr1/csep/csep/Web/sea/html/Copy of the CD/by year/1996/draft 1/searchable Ed M Reply to Dennis F.pdf
2003.04.21 14:45 B C:\Documents and Settings\Administrator\My Documents\Web\sea\html\Copy of the CD\by year\1996\draft 1\searchable\Frailey commnet.pdf --> hawk.cns.iit.edu /web/usr1/csep/csep/Web/sea/html/Copy of the CD/by year/1996/draft 1/searchable Frailey commnet.pdf
2003.04.21 14:45 B C:\Documents and Settings\Administrator\My Documents\Web\sea\html\Copy of the CD\by year\1996\draft 1\searchable\Fulghum comment.pdf --> hawk.cns.iit.edu /web/usr1/csep/csep/Web/sea/html/Copy of the CD/by year/1996/draft 1/searchable Fulghum comment.pdf
2003.04.21 14:45 B C:\Documents and Settings\Administrator\My Documents\Web\sea\html\Copy of the CD\by year\1996\draft 1\searchable\WS_FTP.LOG --> hawk.cns.iit.edu /web/usr1/csep/csep/Web/sea/html/Copy of the CD/by year/1996/draft 1/searchable WS_FTP.LOG
2004.11.12 20:52 B C:\Documents and Settings\Administrator\My Documents\Web\sea\html\Copy of the CD\by year\1996\draft 1\searchable\Cmt1 forwarded by Cabrera.pdf --> hawk.iit.edu /web/usr1/csep/csep/Web/sea/html/Copy of the CD/by year/1996/draft 1/searchable Cmt1 forwarded by Cabrera.pdf
2004.11.12 20:52 B C:\Documents and Settings\Administrator\My Documents\Web\sea\html\Copy of the CD\by year\1996\draft 1\searchable\comment on 1 Prinz.pdf --> hawk.iit.edu /web/usr1/csep/csep/Web/sea/html/Copy of the CD/by year/1996/draft 1/searchable comment on 1 Prinz.pdf
2004.11.12 20:52 B C:\Documents and Settings\Administrator\My Documents\Web\sea\html\Copy of the CD\by year\1996\draft 1\searchable\Duncan cmt oct.pdf --> hawk.iit.edu /web/usr1/csep/csep/Web/sea/html/Copy of the CD/by year/1996/draft 1/searchable Duncan cmt oct.pdf
2004.11.12 20:53 B C:\Documents and Settings\Administrator\My Documents\Web\sea\html\Copy of the CD\by year\1996\draft 1\searchable\Ed M Reply to Dennis F.pdf --> hawk.iit.edu /web/usr1/csep/csep/Web/sea/html/Copy of the CD/by year/1996/draft 1/searchable Ed M Reply to Dennis F.pdf
2004.11.12 20:53 B C:\Documents and Settings\Administrator\My Documents\Web\sea\html\Copy of the CD\by year\1996\draft 1\searchable\Frailey commnet.pdf --> hawk.iit.edu /web/usr1/csep/csep/Web/sea/html/Copy of the CD/by year/1996/draft 1/searchable Frailey commnet.pdf
2004.11.12 20:53 B C:\Documents and Settings\Administrator\My Documents\Web\sea\html\Copy of the CD\by year\1996\draft 1\searchable\Fulghum comment.pdf --> hawk.iit.edu /web/usr1/csep/csep/Web/sea/html/Copy of the CD/by year/1996/draft 1/searchable Fulghum comment.pdf
2004.11.12 20:53 B C:\Documents and Settings\Administrator\My Documents\Web\sea\html\Copy of the CD\by year\1996\draft 1\searchable\WS_FTP.LOG --> hawk.iit.edu /web/usr1/csep/csep/Web/sea/html/Copy of the CD/by year/1996/draft 1/searchable WS_FTP.LOG
