2003.04.21 14:37 B C:\Documents and Settings\Administrator\My Documents\Web\sea\html\Copy of the CD\by year\1998\version 4 after IEEEVote\DG questions his responses.doc --> hawk.cns.iit.edu /web/usr1/csep/csep/Web/sea/html/Copy of the CD/by year/by year/1998/version 4 after IEEEVote DG questions his responses.doc
2003.04.21 14:37 B C:\Documents and Settings\Administrator\My Documents\Web\sea\html\Copy of the CD\by year\1998\version 4 after IEEEVote\IEEE Review and response revised.doc --> hawk.cns.iit.edu /web/usr1/csep/csep/Web/sea/html/Copy of the CD/by year/by year/1998/version 4 after IEEEVote IEEE Review and response revised.doc
2003.04.21 14:37 B C:\Documents and Settings\Administrator\My Documents\Web\sea\html\Copy of the CD\by year\1998\version 4 after IEEEVote\IEEE Review and response.doc --> hawk.cns.iit.edu /web/usr1/csep/csep/Web/sea/html/Copy of the CD/by year/by year/1998/version 4 after IEEEVote IEEE Review and response.doc
2003.04.21 14:37 B C:\Documents and Settings\Administrator\My Documents\Web\sea\html\Copy of the CD\by year\1998\version 4 after IEEEVote\IEEE Review.doc --> hawk.cns.iit.edu /web/usr1/csep/csep/Web/sea/html/Copy of the CD/by year/by year/1998/version 4 after IEEEVote IEEE Review.doc
2003.04.21 14:37 B C:\Documents and Settings\Administrator\My Documents\Web\sea\html\Copy of the CD\by year\1998\version 4 after IEEEVote\Jacques BERLEUR committees coments.doc --> hawk.cns.iit.edu /web/usr1/csep/csep/Web/sea/html/Copy of the CD/by year/by year/1998/version 4 after IEEEVote Jacques BERLEUR committees coments.doc
2003.04.21 14:37 B C:\Documents and Settings\Administrator\My Documents\Web\sea\html\Copy of the CD\by year\1998\version 4 after IEEEVote\REPLYDoNE.doc --> hawk.cns.iit.edu /web/usr1/csep/csep/Web/sea/html/Copy of the CD/by year/by year/1998/version 4 after IEEEVote REPLYDoNE.doc
2003.04.21 14:37 B C:\Documents and Settings\Administrator\My Documents\Web\sea\html\Copy of the CD\by year\1998\version 4 after IEEEVote\rply aug13.doc --> hawk.cns.iit.edu /web/usr1/csep/csep/Web/sea/html/Copy of the CD/by year/by year/1998/version 4 after IEEEVote rply aug13.doc
2003.04.21 14:37 B C:\Documents and Settings\Administrator\My Documents\Web\sea\html\Copy of the CD\by year\1998\version 4 after IEEEVote\VER40b.doc --> hawk.cns.iit.edu /web/usr1/csep/csep/Web/sea/html/Copy of the CD/by year/by year/1998/version 4 after IEEEVote VER40b.doc
2003.04.21 14:37 B C:\Documents and Settings\Administrator\My Documents\Web\sea\html\Copy of the CD\by year\1998\version 4 after IEEEVote\VER40C.DOC --> hawk.cns.iit.edu /web/usr1/csep/csep/Web/sea/html/Copy of the CD/by year/by year/1998/version 4 after IEEEVote VER40C.DOC
2003.04.21 14:47 B C:\Documents and Settings\Administrator\My Documents\Web\sea\html\Copy of the CD\by year\1998\version 4 after IEEEVote\DG questions his responses.doc --> hawk.cns.iit.edu /web/usr1/csep/csep/Web/sea/html/Copy of the CD/by year/1998/version 4 after IEEEVote DG questions his responses.doc
2003.04.21 14:47 B C:\Documents and Settings\Administrator\My Documents\Web\sea\html\Copy of the CD\by year\1998\version 4 after IEEEVote\IEEE Review and response revised.doc --> hawk.cns.iit.edu /web/usr1/csep/csep/Web/sea/html/Copy of the CD/by year/1998/version 4 after IEEEVote IEEE Review and response revised.doc
2003.04.21 14:47 B C:\Documents and Settings\Administrator\My Documents\Web\sea\html\Copy of the CD\by year\1998\version 4 after IEEEVote\IEEE Review and response.doc --> hawk.cns.iit.edu /web/usr1/csep/csep/Web/sea/html/Copy of the CD/by year/1998/version 4 after IEEEVote IEEE Review and response.doc
2003.04.21 14:47 B C:\Documents and Settings\Administrator\My Documents\Web\sea\html\Copy of the CD\by year\1998\version 4 after IEEEVote\IEEE Review.doc --> hawk.cns.iit.edu /web/usr1/csep/csep/Web/sea/html/Copy of the CD/by year/1998/version 4 after IEEEVote IEEE Review.doc
2003.04.21 14:47 B C:\Documents and Settings\Administrator\My Documents\Web\sea\html\Copy of the CD\by year\1998\version 4 after IEEEVote\Jacques BERLEUR committees coments.doc --> hawk.cns.iit.edu /web/usr1/csep/csep/Web/sea/html/Copy of the CD/by year/1998/version 4 after IEEEVote Jacques BERLEUR committees coments.doc
2003.04.21 14:47 B C:\Documents and Settings\Administrator\My Documents\Web\sea\html\Copy of the CD\by year\1998\version 4 after IEEEVote\REPLYDoNE.doc --> hawk.cns.iit.edu /web/usr1/csep/csep/Web/sea/html/Copy of the CD/by year/1998/version 4 after IEEEVote REPLYDoNE.doc
2003.04.21 14:47 B C:\Documents and Settings\Administrator\My Documents\Web\sea\html\Copy of the CD\by year\1998\version 4 after IEEEVote\rply aug13.doc --> hawk.cns.iit.edu /web/usr1/csep/csep/Web/sea/html/Copy of the CD/by year/1998/version 4 after IEEEVote rply aug13.doc
2003.04.21 14:47 B C:\Documents and Settings\Administrator\My Documents\Web\sea\html\Copy of the CD\by year\1998\version 4 after IEEEVote\VER40b.doc --> hawk.cns.iit.edu /web/usr1/csep/csep/Web/sea/html/Copy of the CD/by year/1998/version 4 after IEEEVote VER40b.doc
2003.04.21 14:47 B C:\Documents and Settings\Administrator\My Documents\Web\sea\html\Copy of the CD\by year\1998\version 4 after IEEEVote\VER40C.DOC --> hawk.cns.iit.edu /web/usr1/csep/csep/Web/sea/html/Copy of the CD/by year/1998/version 4 after IEEEVote VER40C.DOC
2003.04.21 14:47 B C:\Documents and Settings\Administrator\My Documents\Web\sea\html\Copy of the CD\by year\1998\version 4 after IEEEVote\WS_FTP.LOG --> hawk.cns.iit.edu /web/usr1/csep/csep/Web/sea/html/Copy of the CD/by year/1998/version 4 after IEEEVote WS_FTP.LOG
2004.11.12 22:11 B C:\Documents and Settings\Administrator\My Documents\Web\sea\html\Copy of the CD\by year\1998\version 4 after IEEEVote\DG questions his responses.doc --> hawk.iit.edu /web/usr1/csep/csep/Web/sea/html/Copy of the CD/by year/1998/version 4 after IEEEVote DG questions his responses.doc
2004.11.12 22:11 B C:\Documents and Settings\Administrator\My Documents\Web\sea\html\Copy of the CD\by year\1998\version 4 after IEEEVote\IEEE Review and response revised.doc --> hawk.iit.edu /web/usr1/csep/csep/Web/sea/html/Copy of the CD/by year/1998/version 4 after IEEEVote IEEE Review and response revised.doc
2004.11.12 22:12 B C:\Documents and Settings\Administrator\My Documents\Web\sea\html\Copy of the CD\by year\1998\version 4 after IEEEVote\IEEE Review and response.doc --> hawk.iit.edu /web/usr1/csep/csep/Web/sea/html/Copy of the CD/by year/1998/version 4 after IEEEVote IEEE Review and response.doc
2004.11.12 22:13 B C:\Documents and Settings\Administrator\My Documents\Web\sea\html\Copy of the CD\by year\1998\version 4 after IEEEVote\IEEE Review.doc --> hawk.iit.edu /web/usr1/csep/csep/Web/sea/html/Copy of the CD/by year/1998/version 4 after IEEEVote IEEE Review.doc
2004.11.12 22:13 B C:\Documents and Settings\Administrator\My Documents\Web\sea\html\Copy of the CD\by year\1998\version 4 after IEEEVote\Jacques BERLEUR committees coments.doc --> hawk.iit.edu /web/usr1/csep/csep/Web/sea/html/Copy of the CD/by year/1998/version 4 after IEEEVote Jacques BERLEUR committees coments.doc
2004.11.12 22:14 B C:\Documents and Settings\Administrator\My Documents\Web\sea\html\Copy of the CD\by year\1998\version 4 after IEEEVote\REPLYDoNE.doc --> hawk.iit.edu /web/usr1/csep/csep/Web/sea/html/Copy of the CD/by year/1998/version 4 after IEEEVote REPLYDoNE.doc
2004.11.12 22:14 B C:\Documents and Settings\Administrator\My Documents\Web\sea\html\Copy of the CD\by year\1998\version 4 after IEEEVote\rply aug13.doc --> hawk.iit.edu /web/usr1/csep/csep/Web/sea/html/Copy of the CD/by year/1998/version 4 after IEEEVote rply aug13.doc
2004.11.12 22:14 B C:\Documents and Settings\Administrator\My Documents\Web\sea\html\Copy of the CD\by year\1998\version 4 after IEEEVote\VER40b.doc --> hawk.iit.edu /web/usr1/csep/csep/Web/sea/html/Copy of the CD/by year/1998/version 4 after IEEEVote VER40b.doc
2004.11.12 22:14 B C:\Documents and Settings\Administrator\My Documents\Web\sea\html\Copy of the CD\by year\1998\version 4 after IEEEVote\VER40C.DOC --> hawk.iit.edu /web/usr1/csep/csep/Web/sea/html/Copy of the CD/by year/1998/version 4 after IEEEVote VER40C.DOC
2004.11.12 22:15 B C:\Documents and Settings\Administrator\My Documents\Web\sea\html\Copy of the CD\by year\1998\version 4 after IEEEVote\WS_FTP.LOG --> hawk.iit.edu /web/usr1/csep/csep/Web/sea/html/Copy of the CD/by year/1998/version 4 after IEEEVote WS_FTP.LOG
