2003.04.21 14:35 B C:\Documents and Settings\Administrator\My Documents\Web\sea\html\Copy of the CD\by year\1993-4\Establishing the CFP\aaa01432 --> hawk.cns.iit.edu /web/usr1/csep/csep/Web/sea/html/Copy of the CD/by year/by year/1993-4/Establishing the CFP aaa01432
2003.04.21 14:35 B C:\Documents and Settings\Administrator\My Documents\Web\sea\html\Copy of the CD\by year\1993-4\Establishing the CFP\Announce in FALL 94 RACS.doc --> hawk.cns.iit.edu /web/usr1/csep/csep/Web/sea/html/Copy of the CD/by year/by year/1993-4/Establishing the CFP Announce in FALL 94 RACS.doc
2003.04.21 14:35 B C:\Documents and Settings\Administrator\My Documents\Web\sea\html\Copy of the CD\by year\1993-4\Establishing the CFP\Announce in FALL 94 RACS.pdf --> hawk.cns.iit.edu /web/usr1/csep/csep/Web/sea/html/Copy of the CD/by year/by year/1993-4/Establishing the CFP Announce in FALL 94 RACS.pdf
2003.04.21 14:35 B C:\Documents and Settings\Administrator\My Documents\Web\sea\html\Copy of the CD\by year\1993-4\Establishing the CFP\CFP from OCTr 1994 FASE http.doc --> hawk.cns.iit.edu /web/usr1/csep/csep/Web/sea/html/Copy of the CD/by year/by year/1993-4/Establishing the CFP CFP from OCTr 1994 FASE http.doc
2003.04.21 14:35 B C:\Documents and Settings\Administrator\My Documents\Web\sea\html\Copy of the CD\by year\1993-4\Establishing the CFP\CFP from OCTr 1994 FASE http.pdf --> hawk.cns.iit.edu /web/usr1/csep/csep/Web/sea/html/Copy of the CD/by year/by year/1993-4/Establishing the CFP CFP from OCTr 1994 FASE http.pdf
2003.04.21 14:35 B C:\Documents and Settings\Administrator\My Documents\Web\sea\html\Copy of the CD\by year\1993-4\Establishing the CFP\Critique of 1994 CFP.doc --> hawk.cns.iit.edu /web/usr1/csep/csep/Web/sea/html/Copy of the CD/by year/by year/1993-4/Establishing the CFP Critique of 1994 CFP.doc
2003.04.21 14:35 B C:\Documents and Settings\Administrator\My Documents\Web\sea\html\Copy of the CD\by year\1993-4\Establishing the CFP\Critique of 1994 CFP.pdf --> hawk.cns.iit.edu /web/usr1/csep/csep/Web/sea/html/Copy of the CD/by year/by year/1993-4/Establishing the CFP Critique of 1994 CFP.pdf
2003.04.21 14:40 B C:\Documents and Settings\Administrator\My Documents\Web\sea\html\Copy of the CD\by year\1993-4\Establishing the CFP\WS_FTP.LOG --> hawk.cns.iit.edu /web/usr1/csep/csep/Web/sea/html/Copy of the CD/by year/1993-4/Establishing the CFP WS_FTP.LOG
2003.04.21 14:45 B C:\Documents and Settings\Administrator\My Documents\Web\sea\html\Copy of the CD\by year\1993-4\Establishing the CFP\aaa01432 --> hawk.cns.iit.edu /web/usr1/csep/csep/Web/sea/html/Copy of the CD/by year/1993-4/Establishing the CFP aaa01432
2003.04.21 14:45 B C:\Documents and Settings\Administrator\My Documents\Web\sea\html\Copy of the CD\by year\1993-4\Establishing the CFP\Announce in FALL 94 RACS.doc --> hawk.cns.iit.edu /web/usr1/csep/csep/Web/sea/html/Copy of the CD/by year/1993-4/Establishing the CFP Announce in FALL 94 RACS.doc
2003.04.21 14:45 B C:\Documents and Settings\Administrator\My Documents\Web\sea\html\Copy of the CD\by year\1993-4\Establishing the CFP\Announce in FALL 94 RACS.pdf --> hawk.cns.iit.edu /web/usr1/csep/csep/Web/sea/html/Copy of the CD/by year/1993-4/Establishing the CFP Announce in FALL 94 RACS.pdf
2003.04.21 14:45 B C:\Documents and Settings\Administrator\My Documents\Web\sea\html\Copy of the CD\by year\1993-4\Establishing the CFP\CFP from OCTr 1994 FASE http.doc --> hawk.cns.iit.edu /web/usr1/csep/csep/Web/sea/html/Copy of the CD/by year/1993-4/Establishing the CFP CFP from OCTr 1994 FASE http.doc
2003.04.21 14:45 B C:\Documents and Settings\Administrator\My Documents\Web\sea\html\Copy of the CD\by year\1993-4\Establishing the CFP\CFP from OCTr 1994 FASE http.pdf --> hawk.cns.iit.edu /web/usr1/csep/csep/Web/sea/html/Copy of the CD/by year/1993-4/Establishing the CFP CFP from OCTr 1994 FASE http.pdf
2003.04.21 14:45 B C:\Documents and Settings\Administrator\My Documents\Web\sea\html\Copy of the CD\by year\1993-4\Establishing the CFP\Critique of 1994 CFP.doc --> hawk.cns.iit.edu /web/usr1/csep/csep/Web/sea/html/Copy of the CD/by year/1993-4/Establishing the CFP Critique of 1994 CFP.doc
2003.04.21 14:45 B C:\Documents and Settings\Administrator\My Documents\Web\sea\html\Copy of the CD\by year\1993-4\Establishing the CFP\Critique of 1994 CFP.pdf --> hawk.cns.iit.edu /web/usr1/csep/csep/Web/sea/html/Copy of the CD/by year/1993-4/Establishing the CFP Critique of 1994 CFP.pdf
2003.04.21 14:45 B C:\Documents and Settings\Administrator\My Documents\Web\sea\html\Copy of the CD\by year\1993-4\Establishing the CFP\WS_FTP.LOG --> hawk.cns.iit.edu /web/usr1/csep/csep/Web/sea/html/Copy of the CD/by year/1993-4/Establishing the CFP WS_FTP.LOG
2004.11.12 20:39 B C:\Documents and Settings\Administrator\My Documents\Web\sea\html\Copy of the CD\by year\1993-4\Establishing the CFP\aaa01432 --> hawk.iit.edu /web/usr1/csep/csep/Web/sea/html/Copy of the CD/by year/1993-4/Establishing the CFP aaa01432
2004.11.12 20:39 B C:\Documents and Settings\Administrator\My Documents\Web\sea\html\Copy of the CD\by year\1993-4\Establishing the CFP\Announce in FALL 94 RACS.doc --> hawk.iit.edu /web/usr1/csep/csep/Web/sea/html/Copy of the CD/by year/1993-4/Establishing the CFP Announce in FALL 94 RACS.doc
2004.11.12 20:39 B C:\Documents and Settings\Administrator\My Documents\Web\sea\html\Copy of the CD\by year\1993-4\Establishing the CFP\Announce in FALL 94 RACS.pdf --> hawk.iit.edu /web/usr1/csep/csep/Web/sea/html/Copy of the CD/by year/1993-4/Establishing the CFP Announce in FALL 94 RACS.pdf
2004.11.12 20:39 B C:\Documents and Settings\Administrator\My Documents\Web\sea\html\Copy of the CD\by year\1993-4\Establishing the CFP\CFP from OCTr 1994 FASE http.doc --> hawk.iit.edu /web/usr1/csep/csep/Web/sea/html/Copy of the CD/by year/1993-4/Establishing the CFP CFP from OCTr 1994 FASE http.doc
2004.11.12 20:39 B C:\Documents and Settings\Administrator\My Documents\Web\sea\html\Copy of the CD\by year\1993-4\Establishing the CFP\CFP from OCTr 1994 FASE http.pdf --> hawk.iit.edu /web/usr1/csep/csep/Web/sea/html/Copy of the CD/by year/1993-4/Establishing the CFP CFP from OCTr 1994 FASE http.pdf
2004.11.12 20:39 B C:\Documents and Settings\Administrator\My Documents\Web\sea\html\Copy of the CD\by year\1993-4\Establishing the CFP\Critique of 1994 CFP.doc --> hawk.iit.edu /web/usr1/csep/csep/Web/sea/html/Copy of the CD/by year/1993-4/Establishing the CFP Critique of 1994 CFP.doc
2004.11.12 20:39 B C:\Documents and Settings\Administrator\My Documents\Web\sea\html\Copy of the CD\by year\1993-4\Establishing the CFP\Critique of 1994 CFP.pdf --> hawk.iit.edu /web/usr1/csep/csep/Web/sea/html/Copy of the CD/by year/1993-4/Establishing the CFP Critique of 1994 CFP.pdf
2004.11.12 20:39 B C:\Documents and Settings\Administrator\My Documents\Web\sea\html\Copy of the CD\by year\1993-4\Establishing the CFP\WS_FTP.LOG --> hawk.iit.edu /web/usr1/csep/csep/Web/sea/html/Copy of the CD/by year/1993-4/Establishing the CFP WS_FTP.LOG
