2003.04.21 14:36 B C:\Documents and Settings\Administrator\My Documents\Web\sea\html\Copy of the CD\by year\1996\draft 1\Cmt1 forwarded by Cabrera.doc --> hawk.cns.iit.edu /web/usr1/csep/csep/Web/sea/html/Copy of the CD/by year/by year/1996/draft 1 Cmt1 forwarded by Cabrera.doc
2003.04.21 14:36 B C:\Documents and Settings\Administrator\My Documents\Web\sea\html\Copy of the CD\by year\1996\draft 1\Cmt1 forwarded by Cabrera.txt --> hawk.cns.iit.edu /web/usr1/csep/csep/Web/sea/html/Copy of the CD/by year/by year/1996/draft 1 Cmt1 forwarded by Cabrera.txt
2003.04.21 14:36 B C:\Documents and Settings\Administrator\My Documents\Web\sea\html\Copy of the CD\by year\1996\draft 1\comment on 1 Prinz.doc --> hawk.cns.iit.edu /web/usr1/csep/csep/Web/sea/html/Copy of the CD/by year/by year/1996/draft 1 comment on 1 Prinz.doc
2003.04.21 14:36 B C:\Documents and Settings\Administrator\My Documents\Web\sea\html\Copy of the CD\by year\1996\draft 1\comment on 1 Prinz.txt --> hawk.cns.iit.edu /web/usr1/csep/csep/Web/sea/html/Copy of the CD/by year/by year/1996/draft 1 comment on 1 Prinz.txt
2003.04.21 14:36 B C:\Documents and Settings\Administrator\My Documents\Web\sea\html\Copy of the CD\by year\1996\draft 1\Duncan cmt oct.doc --> hawk.cns.iit.edu /web/usr1/csep/csep/Web/sea/html/Copy of the CD/by year/by year/1996/draft 1 Duncan cmt oct.doc
2003.04.21 14:36 B C:\Documents and Settings\Administrator\My Documents\Web\sea\html\Copy of the CD\by year\1996\draft 1\Duncan cmt oct.txt --> hawk.cns.iit.edu /web/usr1/csep/csep/Web/sea/html/Copy of the CD/by year/by year/1996/draft 1 Duncan cmt oct.txt
2003.04.21 14:36 B C:\Documents and Settings\Administrator\My Documents\Web\sea\html\Copy of the CD\by year\1996\draft 1\Ed M Reply to Dennis F.doc --> hawk.cns.iit.edu /web/usr1/csep/csep/Web/sea/html/Copy of the CD/by year/by year/1996/draft 1 Ed M Reply to Dennis F.doc
2003.04.21 14:36 B C:\Documents and Settings\Administrator\My Documents\Web\sea\html\Copy of the CD\by year\1996\draft 1\Ed M Reply to Dennis F.txt --> hawk.cns.iit.edu /web/usr1/csep/csep/Web/sea/html/Copy of the CD/by year/by year/1996/draft 1 Ed M Reply to Dennis F.txt
2003.04.21 14:36 B C:\Documents and Settings\Administrator\My Documents\Web\sea\html\Copy of the CD\by year\1996\draft 1\Frailey commnet.doc --> hawk.cns.iit.edu /web/usr1/csep/csep/Web/sea/html/Copy of the CD/by year/by year/1996/draft 1 Frailey commnet.doc
2003.04.21 14:36 B C:\Documents and Settings\Administrator\My Documents\Web\sea\html\Copy of the CD\by year\1996\draft 1\Frailey commnet.txt --> hawk.cns.iit.edu /web/usr1/csep/csep/Web/sea/html/Copy of the CD/by year/by year/1996/draft 1 Frailey commnet.txt
2003.04.21 14:36 B C:\Documents and Settings\Administrator\My Documents\Web\sea\html\Copy of the CD\by year\1996\draft 1\Fulghum comment.doc --> hawk.cns.iit.edu /web/usr1/csep/csep/Web/sea/html/Copy of the CD/by year/by year/1996/draft 1 Fulghum comment.doc
2003.04.21 14:36 B C:\Documents and Settings\Administrator\My Documents\Web\sea\html\Copy of the CD\by year\1996\draft 1\Fulghum comment.txt --> hawk.cns.iit.edu /web/usr1/csep/csep/Web/sea/html/Copy of the CD/by year/by year/1996/draft 1 Fulghum comment.txt
2003.04.21 14:40 B C:\Documents and Settings\Administrator\My Documents\Web\sea\html\Copy of the CD\by year\1996\draft 1\WS_FTP.LOG --> hawk.cns.iit.edu /web/usr1/csep/csep/Web/sea/html/Copy of the CD/by year/1996/draft 1 WS_FTP.LOG
2003.04.21 14:45 B C:\Documents and Settings\Administrator\My Documents\Web\sea\html\Copy of the CD\by year\1996\draft 1\Cmt1 forwarded by Cabrera.doc --> hawk.cns.iit.edu /web/usr1/csep/csep/Web/sea/html/Copy of the CD/by year/1996/draft 1 Cmt1 forwarded by Cabrera.doc
2003.04.21 14:46 B C:\Documents and Settings\Administrator\My Documents\Web\sea\html\Copy of the CD\by year\1996\draft 1\Cmt1 forwarded by Cabrera.txt --> hawk.cns.iit.edu /web/usr1/csep/csep/Web/sea/html/Copy of the CD/by year/1996/draft 1 Cmt1 forwarded by Cabrera.txt
2003.04.21 14:46 B C:\Documents and Settings\Administrator\My Documents\Web\sea\html\Copy of the CD\by year\1996\draft 1\comment on 1 Prinz.doc --> hawk.cns.iit.edu /web/usr1/csep/csep/Web/sea/html/Copy of the CD/by year/1996/draft 1 comment on 1 Prinz.doc
2003.04.21 14:46 B C:\Documents and Settings\Administrator\My Documents\Web\sea\html\Copy of the CD\by year\1996\draft 1\comment on 1 Prinz.txt --> hawk.cns.iit.edu /web/usr1/csep/csep/Web/sea/html/Copy of the CD/by year/1996/draft 1 comment on 1 Prinz.txt
2003.04.21 14:46 B C:\Documents and Settings\Administrator\My Documents\Web\sea\html\Copy of the CD\by year\1996\draft 1\Duncan cmt oct.doc --> hawk.cns.iit.edu /web/usr1/csep/csep/Web/sea/html/Copy of the CD/by year/1996/draft 1 Duncan cmt oct.doc
2003.04.21 14:46 B C:\Documents and Settings\Administrator\My Documents\Web\sea\html\Copy of the CD\by year\1996\draft 1\Duncan cmt oct.txt --> hawk.cns.iit.edu /web/usr1/csep/csep/Web/sea/html/Copy of the CD/by year/1996/draft 1 Duncan cmt oct.txt
2003.04.21 14:46 B C:\Documents and Settings\Administrator\My Documents\Web\sea\html\Copy of the CD\by year\1996\draft 1\Ed M Reply to Dennis F.doc --> hawk.cns.iit.edu /web/usr1/csep/csep/Web/sea/html/Copy of the CD/by year/1996/draft 1 Ed M Reply to Dennis F.doc
2003.04.21 14:46 B C:\Documents and Settings\Administrator\My Documents\Web\sea\html\Copy of the CD\by year\1996\draft 1\Ed M Reply to Dennis F.txt --> hawk.cns.iit.edu /web/usr1/csep/csep/Web/sea/html/Copy of the CD/by year/1996/draft 1 Ed M Reply to Dennis F.txt
2003.04.21 14:46 B C:\Documents and Settings\Administrator\My Documents\Web\sea\html\Copy of the CD\by year\1996\draft 1\Frailey commnet.doc --> hawk.cns.iit.edu /web/usr1/csep/csep/Web/sea/html/Copy of the CD/by year/1996/draft 1 Frailey commnet.doc
2003.04.21 14:46 B C:\Documents and Settings\Administrator\My Documents\Web\sea\html\Copy of the CD\by year\1996\draft 1\Frailey commnet.txt --> hawk.cns.iit.edu /web/usr1/csep/csep/Web/sea/html/Copy of the CD/by year/1996/draft 1 Frailey commnet.txt
2003.04.21 14:46 B C:\Documents and Settings\Administrator\My Documents\Web\sea\html\Copy of the CD\by year\1996\draft 1\Fulghum comment.doc --> hawk.cns.iit.edu /web/usr1/csep/csep/Web/sea/html/Copy of the CD/by year/1996/draft 1 Fulghum comment.doc
2003.04.21 14:46 B C:\Documents and Settings\Administrator\My Documents\Web\sea\html\Copy of the CD\by year\1996\draft 1\Fulghum comment.txt --> hawk.cns.iit.edu /web/usr1/csep/csep/Web/sea/html/Copy of the CD/by year/1996/draft 1 Fulghum comment.txt
2003.04.21 14:46 B C:\Documents and Settings\Administrator\My Documents\Web\sea\html\Copy of the CD\by year\1996\draft 1\WS_FTP.LOG --> hawk.cns.iit.edu /web/usr1/csep/csep/Web/sea/html/Copy of the CD/by year/1996/draft 1 WS_FTP.LOG
2004.11.12 20:54 B C:\Documents and Settings\Administrator\My Documents\Web\sea\html\Copy of the CD\by year\1996\draft 1\Cmt1 forwarded by Cabrera.doc --> hawk.iit.edu /web/usr1/csep/csep/Web/sea/html/Copy of the CD/by year/1996/draft 1 Cmt1 forwarded by Cabrera.doc
2004.11.12 20:54 B C:\Documents and Settings\Administrator\My Documents\Web\sea\html\Copy of the CD\by year\1996\draft 1\Cmt1 forwarded by Cabrera.txt --> hawk.iit.edu /web/usr1/csep/csep/Web/sea/html/Copy of the CD/by year/1996/draft 1 Cmt1 forwarded by Cabrera.txt
2004.11.12 20:54 B C:\Documents and Settings\Administrator\My Documents\Web\sea\html\Copy of the CD\by year\1996\draft 1\comment on 1 Prinz.doc --> hawk.iit.edu /web/usr1/csep/csep/Web/sea/html/Copy of the CD/by year/1996/draft 1 comment on 1 Prinz.doc
2004.11.12 20:54 B C:\Documents and Settings\Administrator\My Documents\Web\sea\html\Copy of the CD\by year\1996\draft 1\comment on 1 Prinz.txt --> hawk.iit.edu /web/usr1/csep/csep/Web/sea/html/Copy of the CD/by year/1996/draft 1 comment on 1 Prinz.txt
2004.11.12 20:54 B C:\Documents and Settings\Administrator\My Documents\Web\sea\html\Copy of the CD\by year\1996\draft 1\Duncan cmt oct.doc --> hawk.iit.edu /web/usr1/csep/csep/Web/sea/html/Copy of the CD/by year/1996/draft 1 Duncan cmt oct.doc
2004.11.12 20:54 B C:\Documents and Settings\Administrator\My Documents\Web\sea\html\Copy of the CD\by year\1996\draft 1\Duncan cmt oct.txt --> hawk.iit.edu /web/usr1/csep/csep/Web/sea/html/Copy of the CD/by year/1996/draft 1 Duncan cmt oct.txt
2004.11.12 20:54 B C:\Documents and Settings\Administrator\My Documents\Web\sea\html\Copy of the CD\by year\1996\draft 1\Ed M Reply to Dennis F.doc --> hawk.iit.edu /web/usr1/csep/csep/Web/sea/html/Copy of the CD/by year/1996/draft 1 Ed M Reply to Dennis F.doc
2004.11.12 20:54 B C:\Documents and Settings\Administrator\My Documents\Web\sea\html\Copy of the CD\by year\1996\draft 1\Ed M Reply to Dennis F.txt --> hawk.iit.edu /web/usr1/csep/csep/Web/sea/html/Copy of the CD/by year/1996/draft 1 Ed M Reply to Dennis F.txt
2004.11.12 20:54 B C:\Documents and Settings\Administrator\My Documents\Web\sea\html\Copy of the CD\by year\1996\draft 1\Frailey commnet.doc --> hawk.iit.edu /web/usr1/csep/csep/Web/sea/html/Copy of the CD/by year/1996/draft 1 Frailey commnet.doc
2004.11.12 20:55 B C:\Documents and Settings\Administrator\My Documents\Web\sea\html\Copy of the CD\by year\1996\draft 1\Frailey commnet.txt --> hawk.iit.edu /web/usr1/csep/csep/Web/sea/html/Copy of the CD/by year/1996/draft 1 Frailey commnet.txt
2004.11.12 20:55 B C:\Documents and Settings\Administrator\My Documents\Web\sea\html\Copy of the CD\by year\1996\draft 1\Fulghum comment.doc --> hawk.iit.edu /web/usr1/csep/csep/Web/sea/html/Copy of the CD/by year/1996/draft 1 Fulghum comment.doc
2004.11.12 20:55 B C:\Documents and Settings\Administrator\My Documents\Web\sea\html\Copy of the CD\by year\1996\draft 1\Fulghum comment.txt --> hawk.iit.edu /web/usr1/csep/csep/Web/sea/html/Copy of the CD/by year/1996/draft 1 Fulghum comment.txt
2004.11.12 20:55 B C:\Documents and Settings\Administrator\My Documents\Web\sea\html\Copy of the CD\by year\1996\draft 1\WS_FTP.LOG --> hawk.iit.edu /web/usr1/csep/csep/Web/sea/html/Copy of the CD/by year/1996/draft 1 WS_FTP.LOG
