2003.04.21 14:36 B C:\Documents and Settings\Administrator\My Documents\Web\sea\html\Copy of the CD\by year\1997\feb_april 97\Feb 97 delivered items\D1.doc --> hawk.cns.iit.edu /web/usr1/csep/csep/Web/sea/html/Copy of the CD/by year/by year/1997/feb_april 97/Feb 97 delivered items D1.doc
2003.04.21 14:36 B C:\Documents and Settings\Administrator\My Documents\Web\sea\html\Copy of the CD\by year\1997\feb_april 97\Feb 97 delivered items\D1.TXT --> hawk.cns.iit.edu /web/usr1/csep/csep/Web/sea/html/Copy of the CD/by year/by year/1997/feb_april 97/Feb 97 delivered items D1.TXT
2003.04.21 14:36 B C:\Documents and Settings\Administrator\My Documents\Web\sea\html\Copy of the CD\by year\1997\feb_april 97\Feb 97 delivered items\d2.doc --> hawk.cns.iit.edu /web/usr1/csep/csep/Web/sea/html/Copy of the CD/by year/by year/1997/feb_april 97/Feb 97 delivered items d2.doc
2003.04.21 14:36 B C:\Documents and Settings\Administrator\My Documents\Web\sea\html\Copy of the CD\by year\1997\feb_april 97\Feb 97 delivered items\D2.TXT --> hawk.cns.iit.edu /web/usr1/csep/csep/Web/sea/html/Copy of the CD/by year/by year/1997/feb_april 97/Feb 97 delivered items D2.TXT
2003.04.21 14:36 B C:\Documents and Settings\Administrator\My Documents\Web\sea\html\Copy of the CD\by year\1997\feb_april 97\Feb 97 delivered items\d3.doc --> hawk.cns.iit.edu /web/usr1/csep/csep/Web/sea/html/Copy of the CD/by year/by year/1997/feb_april 97/Feb 97 delivered items d3.doc
2003.04.21 14:36 B C:\Documents and Settings\Administrator\My Documents\Web\sea\html\Copy of the CD\by year\1997\feb_april 97\Feb 97 delivered items\D3.TXT --> hawk.cns.iit.edu /web/usr1/csep/csep/Web/sea/html/Copy of the CD/by year/by year/1997/feb_april 97/Feb 97 delivered items D3.TXT
2003.04.21 14:36 B C:\Documents and Settings\Administrator\My Documents\Web\sea\html\Copy of the CD\by year\1997\feb_april 97\Feb 97 delivered items\d4.doc --> hawk.cns.iit.edu /web/usr1/csep/csep/Web/sea/html/Copy of the CD/by year/by year/1997/feb_april 97/Feb 97 delivered items d4.doc
2003.04.21 14:36 B C:\Documents and Settings\Administrator\My Documents\Web\sea\html\Copy of the CD\by year\1997\feb_april 97\Feb 97 delivered items\D4.TXT --> hawk.cns.iit.edu /web/usr1/csep/csep/Web/sea/html/Copy of the CD/by year/by year/1997/feb_april 97/Feb 97 delivered items D4.TXT
2003.04.21 14:36 B C:\Documents and Settings\Administrator\My Documents\Web\sea\html\Copy of the CD\by year\1997\feb_april 97\Feb 97 delivered items\d5.doc --> hawk.cns.iit.edu /web/usr1/csep/csep/Web/sea/html/Copy of the CD/by year/by year/1997/feb_april 97/Feb 97 delivered items d5.doc
2003.04.21 14:36 B C:\Documents and Settings\Administrator\My Documents\Web\sea\html\Copy of the CD\by year\1997\feb_april 97\Feb 97 delivered items\D5.TXT --> hawk.cns.iit.edu /web/usr1/csep/csep/Web/sea/html/Copy of the CD/by year/by year/1997/feb_april 97/Feb 97 delivered items D5.TXT
2003.04.21 14:36 B C:\Documents and Settings\Administrator\My Documents\Web\sea\html\Copy of the CD\by year\1997\feb_april 97\Feb 97 delivered items\df1.doc --> hawk.cns.iit.edu /web/usr1/csep/csep/Web/sea/html/Copy of the CD/by year/by year/1997/feb_april 97/Feb 97 delivered items df1.doc
2003.04.21 14:36 B C:\Documents and Settings\Administrator\My Documents\Web\sea\html\Copy of the CD\by year\1997\feb_april 97\Feb 97 delivered items\DF1.TXT --> hawk.cns.iit.edu /web/usr1/csep/csep/Web/sea/html/Copy of the CD/by year/by year/1997/feb_april 97/Feb 97 delivered items DF1.TXT
2003.04.21 14:36 B C:\Documents and Settings\Administrator\My Documents\Web\sea\html\Copy of the CD\by year\1997\feb_april 97\Feb 97 delivered items\DF2 --> hawk.cns.iit.edu /web/usr1/csep/csep/Web/sea/html/Copy of the CD/by year/by year/1997/feb_april 97/Feb 97 delivered items DF2
2003.04.21 14:40 B C:\Documents and Settings\Administrator\My Documents\Web\sea\html\Copy of the CD\by year\1997\feb_april 97\Feb 97 delivered items\WS_FTP.LOG --> hawk.cns.iit.edu /web/usr1/csep/csep/Web/sea/html/Copy of the CD/by year/1997/feb_april 97/Feb 97 delivered items WS_FTP.LOG
2003.04.21 14:46 B C:\Documents and Settings\Administrator\My Documents\Web\sea\html\Copy of the CD\by year\1997\feb_april 97\Feb 97 delivered items\D1.doc --> hawk.cns.iit.edu /web/usr1/csep/csep/Web/sea/html/Copy of the CD/by year/1997/feb_april 97/Feb 97 delivered items D1.doc
2003.04.21 14:46 B C:\Documents and Settings\Administrator\My Documents\Web\sea\html\Copy of the CD\by year\1997\feb_april 97\Feb 97 delivered items\D1.TXT --> hawk.cns.iit.edu /web/usr1/csep/csep/Web/sea/html/Copy of the CD/by year/1997/feb_april 97/Feb 97 delivered items D1.TXT
2003.04.21 14:46 B C:\Documents and Settings\Administrator\My Documents\Web\sea\html\Copy of the CD\by year\1997\feb_april 97\Feb 97 delivered items\d2.doc --> hawk.cns.iit.edu /web/usr1/csep/csep/Web/sea/html/Copy of the CD/by year/1997/feb_april 97/Feb 97 delivered items d2.doc
2003.04.21 14:46 B C:\Documents and Settings\Administrator\My Documents\Web\sea\html\Copy of the CD\by year\1997\feb_april 97\Feb 97 delivered items\D2.TXT --> hawk.cns.iit.edu /web/usr1/csep/csep/Web/sea/html/Copy of the CD/by year/1997/feb_april 97/Feb 97 delivered items D2.TXT
2003.04.21 14:46 B C:\Documents and Settings\Administrator\My Documents\Web\sea\html\Copy of the CD\by year\1997\feb_april 97\Feb 97 delivered items\d3.doc --> hawk.cns.iit.edu /web/usr1/csep/csep/Web/sea/html/Copy of the CD/by year/1997/feb_april 97/Feb 97 delivered items d3.doc
2003.04.21 14:46 B C:\Documents and Settings\Administrator\My Documents\Web\sea\html\Copy of the CD\by year\1997\feb_april 97\Feb 97 delivered items\D3.TXT --> hawk.cns.iit.edu /web/usr1/csep/csep/Web/sea/html/Copy of the CD/by year/1997/feb_april 97/Feb 97 delivered items D3.TXT
2003.04.21 14:46 B C:\Documents and Settings\Administrator\My Documents\Web\sea\html\Copy of the CD\by year\1997\feb_april 97\Feb 97 delivered items\d4.doc --> hawk.cns.iit.edu /web/usr1/csep/csep/Web/sea/html/Copy of the CD/by year/1997/feb_april 97/Feb 97 delivered items d4.doc
2003.04.21 14:46 B C:\Documents and Settings\Administrator\My Documents\Web\sea\html\Copy of the CD\by year\1997\feb_april 97\Feb 97 delivered items\D4.TXT --> hawk.cns.iit.edu /web/usr1/csep/csep/Web/sea/html/Copy of the CD/by year/1997/feb_april 97/Feb 97 delivered items D4.TXT
2003.04.21 14:46 B C:\Documents and Settings\Administrator\My Documents\Web\sea\html\Copy of the CD\by year\1997\feb_april 97\Feb 97 delivered items\d5.doc --> hawk.cns.iit.edu /web/usr1/csep/csep/Web/sea/html/Copy of the CD/by year/1997/feb_april 97/Feb 97 delivered items d5.doc
2003.04.21 14:46 B C:\Documents and Settings\Administrator\My Documents\Web\sea\html\Copy of the CD\by year\1997\feb_april 97\Feb 97 delivered items\D5.TXT --> hawk.cns.iit.edu /web/usr1/csep/csep/Web/sea/html/Copy of the CD/by year/1997/feb_april 97/Feb 97 delivered items D5.TXT
2003.04.21 14:46 B C:\Documents and Settings\Administrator\My Documents\Web\sea\html\Copy of the CD\by year\1997\feb_april 97\Feb 97 delivered items\df1.doc --> hawk.cns.iit.edu /web/usr1/csep/csep/Web/sea/html/Copy of the CD/by year/1997/feb_april 97/Feb 97 delivered items df1.doc
2003.04.21 14:46 B C:\Documents and Settings\Administrator\My Documents\Web\sea\html\Copy of the CD\by year\1997\feb_april 97\Feb 97 delivered items\DF1.TXT --> hawk.cns.iit.edu /web/usr1/csep/csep/Web/sea/html/Copy of the CD/by year/1997/feb_april 97/Feb 97 delivered items DF1.TXT
2003.04.21 14:46 B C:\Documents and Settings\Administrator\My Documents\Web\sea\html\Copy of the CD\by year\1997\feb_april 97\Feb 97 delivered items\DF2 --> hawk.cns.iit.edu /web/usr1/csep/csep/Web/sea/html/Copy of the CD/by year/1997/feb_april 97/Feb 97 delivered items DF2
2003.04.21 14:46 B C:\Documents and Settings\Administrator\My Documents\Web\sea\html\Copy of the CD\by year\1997\feb_april 97\Feb 97 delivered items\WS_FTP.LOG --> hawk.cns.iit.edu /web/usr1/csep/csep/Web/sea/html/Copy of the CD/by year/1997/feb_april 97/Feb 97 delivered items WS_FTP.LOG
2004.11.12 21:02 B C:\Documents and Settings\Administrator\My Documents\Web\sea\html\Copy of the CD\by year\1997\feb_april 97\Feb 97 delivered items\D1.doc --> hawk.iit.edu /web/usr1/csep/csep/Web/sea/html/Copy of the CD/by year/1997/feb_april 97/Feb 97 delivered items D1.doc
2004.11.12 21:03 B C:\Documents and Settings\Administrator\My Documents\Web\sea\html\Copy of the CD\by year\1997\feb_april 97\Feb 97 delivered items\D1.TXT --> hawk.iit.edu /web/usr1/csep/csep/Web/sea/html/Copy of the CD/by year/1997/feb_april 97/Feb 97 delivered items D1.TXT
2004.11.12 21:03 B C:\Documents and Settings\Administrator\My Documents\Web\sea\html\Copy of the CD\by year\1997\feb_april 97\Feb 97 delivered items\d2.doc --> hawk.iit.edu /web/usr1/csep/csep/Web/sea/html/Copy of the CD/by year/1997/feb_april 97/Feb 97 delivered items d2.doc
2004.11.12 21:03 B C:\Documents and Settings\Administrator\My Documents\Web\sea\html\Copy of the CD\by year\1997\feb_april 97\Feb 97 delivered items\D2.TXT --> hawk.iit.edu /web/usr1/csep/csep/Web/sea/html/Copy of the CD/by year/1997/feb_april 97/Feb 97 delivered items D2.TXT
2004.11.12 21:03 B C:\Documents and Settings\Administrator\My Documents\Web\sea\html\Copy of the CD\by year\1997\feb_april 97\Feb 97 delivered items\d3.doc --> hawk.iit.edu /web/usr1/csep/csep/Web/sea/html/Copy of the CD/by year/1997/feb_april 97/Feb 97 delivered items d3.doc
2004.11.12 21:03 B C:\Documents and Settings\Administrator\My Documents\Web\sea\html\Copy of the CD\by year\1997\feb_april 97\Feb 97 delivered items\D3.TXT --> hawk.iit.edu /web/usr1/csep/csep/Web/sea/html/Copy of the CD/by year/1997/feb_april 97/Feb 97 delivered items D3.TXT
2004.11.12 21:03 B C:\Documents and Settings\Administrator\My Documents\Web\sea\html\Copy of the CD\by year\1997\feb_april 97\Feb 97 delivered items\d4.doc --> hawk.iit.edu /web/usr1/csep/csep/Web/sea/html/Copy of the CD/by year/1997/feb_april 97/Feb 97 delivered items d4.doc
2004.11.12 21:03 B C:\Documents and Settings\Administrator\My Documents\Web\sea\html\Copy of the CD\by year\1997\feb_april 97\Feb 97 delivered items\D4.TXT --> hawk.iit.edu /web/usr1/csep/csep/Web/sea/html/Copy of the CD/by year/1997/feb_april 97/Feb 97 delivered items D4.TXT
2004.11.12 21:03 B C:\Documents and Settings\Administrator\My Documents\Web\sea\html\Copy of the CD\by year\1997\feb_april 97\Feb 97 delivered items\d5.doc --> hawk.iit.edu /web/usr1/csep/csep/Web/sea/html/Copy of the CD/by year/1997/feb_april 97/Feb 97 delivered items d5.doc
2004.11.12 21:03 B C:\Documents and Settings\Administrator\My Documents\Web\sea\html\Copy of the CD\by year\1997\feb_april 97\Feb 97 delivered items\D5.TXT --> hawk.iit.edu /web/usr1/csep/csep/Web/sea/html/Copy of the CD/by year/1997/feb_april 97/Feb 97 delivered items D5.TXT
2004.11.12 21:04 B C:\Documents and Settings\Administrator\My Documents\Web\sea\html\Copy of the CD\by year\1997\feb_april 97\Feb 97 delivered items\df1.doc --> hawk.iit.edu /web/usr1/csep/csep/Web/sea/html/Copy of the CD/by year/1997/feb_april 97/Feb 97 delivered items df1.doc
2004.11.12 21:04 B C:\Documents and Settings\Administrator\My Documents\Web\sea\html\Copy of the CD\by year\1997\feb_april 97\Feb 97 delivered items\DF1.TXT --> hawk.iit.edu /web/usr1/csep/csep/Web/sea/html/Copy of the CD/by year/1997/feb_april 97/Feb 97 delivered items DF1.TXT
2004.11.12 21:04 B C:\Documents and Settings\Administrator\My Documents\Web\sea\html\Copy of the CD\by year\1997\feb_april 97\Feb 97 delivered items\DF2 --> hawk.iit.edu /web/usr1/csep/csep/Web/sea/html/Copy of the CD/by year/1997/feb_april 97/Feb 97 delivered items DF2
2004.11.12 21:04 B C:\Documents and Settings\Administrator\My Documents\Web\sea\html\Copy of the CD\by year\1997\feb_april 97\Feb 97 delivered items\WS_FTP.LOG --> hawk.iit.edu /web/usr1/csep/csep/Web/sea/html/Copy of the CD/by year/1997/feb_april 97/Feb 97 delivered items WS_FTP.LOG
