2003.04.21 14:36 B \aaa01500 --> hawk.cns.iit.edu /web/usr1/csep/csep/Web/sea/html/Copy of the CD/by year/by year/1997/feb_april 97/polished draft v2 to task force/replicated aaa01500
2003.04.21 14:36 B \aab01500 --> hawk.cns.iit.edu /web/usr1/csep/csep/Web/sea/html/Copy of the CD/by year/by year/1997/feb_april 97/polished draft v2 to task force/replicated aab01500
2003.04.21 14:36 B \aac01500 --> hawk.cns.iit.edu /web/usr1/csep/csep/Web/sea/html/Copy of the CD/by year/by year/1997/feb_april 97/polished draft v2 to task force/replicated aac01500
2003.04.21 14:36 B \aad01500 --> hawk.cns.iit.edu /web/usr1/csep/csep/Web/sea/html/Copy of the CD/by year/by year/1997/feb_april 97/polished draft v2 to task force/replicated aad01500
2003.04.21 14:36 B \aae01500 --> hawk.cns.iit.edu /web/usr1/csep/csep/Web/sea/html/Copy of the CD/by year/by year/1997/feb_april 97/polished draft v2 to task force/replicated aae01500
2003.04.21 14:36 B \aaf01500 --> hawk.cns.iit.edu /web/usr1/csep/csep/Web/sea/html/Copy of the CD/by year/by year/1997/feb_april 97/polished draft v2 to task force/replicated aaf01500
2003.04.21 14:36 B \aag01500 --> hawk.cns.iit.edu /web/usr1/csep/csep/Web/sea/html/Copy of the CD/by year/by year/1997/feb_april 97/polished draft v2 to task force/replicated aag01500
2003.04.21 14:36 B \aah01500 --> hawk.cns.iit.edu /web/usr1/csep/csep/Web/sea/html/Copy of the CD/by year/by year/1997/feb_april 97/polished draft v2 to task force/replicated aah01500
2003.04.21 14:36 B \aai01500 --> hawk.cns.iit.edu /web/usr1/csep/csep/Web/sea/html/Copy of the CD/by year/by year/1997/feb_april 97/polished draft v2 to task force/replicated aai01500
2003.04.21 14:36 B \aaj01500 --> hawk.cns.iit.edu /web/usr1/csep/csep/Web/sea/html/Copy of the CD/by year/by year/1997/feb_april 97/polished draft v2 to task force/replicated aaj01500
2003.04.21 14:36 B \aak01500 --> hawk.cns.iit.edu /web/usr1/csep/csep/Web/sea/html/Copy of the CD/by year/by year/1997/feb_april 97/polished draft v2 to task force/replicated aak01500
2003.04.21 14:36 B \part 2 of v2.pdf --> hawk.cns.iit.edu /web/usr1/csep/csep/Web/sea/html/Copy of the CD/by year/by year/1997/feb_april 97/polished draft v2 to task force/replicated part 2 of v2.pdf
2003.04.21 14:36 B \part1 of v2.pdf --> hawk.cns.iit.edu /web/usr1/csep/csep/Web/sea/html/Copy of the CD/by year/by year/1997/feb_april 97/polished draft v2 to task force/replicated part1 of v2.pdf
2003.04.21 14:36 B \part1 of v2_1.pdf --> hawk.cns.iit.edu /web/usr1/csep/csep/Web/sea/html/Copy of the CD/by year/by year/1997/feb_april 97/polished draft v2 to task force/replicated part1 of v2_1.pdf
2003.04.21 14:36 B \part3 of v2.pdf --> hawk.cns.iit.edu /web/usr1/csep/csep/Web/sea/html/Copy of the CD/by year/by year/1997/feb_april 97/polished draft v2 to task force/replicated part3 of v2.pdf
2003.04.21 14:40 B \aaa01500 --> hawk.cns.iit.edu /web/usr1/csep/csep/Web/sea/html/Copy of the CD/by year/1997/feb_april 97/polished draft v2 to task force/replicated aaa01500
2003.04.21 14:40 B \aab01500 --> hawk.cns.iit.edu /web/usr1/csep/csep/Web/sea/html/Copy of the CD/by year/1997/feb_april 97/polished draft v2 to task force/replicated aab01500
2003.04.21 14:40 B \aac01500 --> hawk.cns.iit.edu /web/usr1/csep/csep/Web/sea/html/Copy of the CD/by year/1997/feb_april 97/polished draft v2 to task force/replicated aac01500
2003.04.21 14:40 B \aad01500 --> hawk.cns.iit.edu /web/usr1/csep/csep/Web/sea/html/Copy of the CD/by year/1997/feb_april 97/polished draft v2 to task force/replicated aad01500
2003.04.21 14:40 B \aae01500 --> hawk.cns.iit.edu /web/usr1/csep/csep/Web/sea/html/Copy of the CD/by year/1997/feb_april 97/polished draft v2 to task force/replicated aae01500
2003.04.21 14:40 B \aaf01500 --> hawk.cns.iit.edu /web/usr1/csep/csep/Web/sea/html/Copy of the CD/by year/1997/feb_april 97/polished draft v2 to task force/replicated aaf01500
2003.04.21 14:40 B \aag01500 --> hawk.cns.iit.edu /web/usr1/csep/csep/Web/sea/html/Copy of the CD/by year/1997/feb_april 97/polished draft v2 to task force/replicated aag01500
2003.04.21 14:40 B \aah01500 --> hawk.cns.iit.edu /web/usr1/csep/csep/Web/sea/html/Copy of the CD/by year/1997/feb_april 97/polished draft v2 to task force/replicated aah01500
2003.04.21 14:40 B \aai01500 --> hawk.cns.iit.edu /web/usr1/csep/csep/Web/sea/html/Copy of the CD/by year/1997/feb_april 97/polished draft v2 to task force/replicated aai01500
2003.04.21 14:40 B \aaj01500 --> hawk.cns.iit.edu /web/usr1/csep/csep/Web/sea/html/Copy of the CD/by year/1997/feb_april 97/polished draft v2 to task force/replicated aaj01500
2003.04.21 14:40 B \aak01500 --> hawk.cns.iit.edu /web/usr1/csep/csep/Web/sea/html/Copy of the CD/by year/1997/feb_april 97/polished draft v2 to task force/replicated aak01500
2003.04.21 14:40 B \part 2 of v2.pdf --> hawk.cns.iit.edu /web/usr1/csep/csep/Web/sea/html/Copy of the CD/by year/1997/feb_april 97/polished draft v2 to task force/replicated part 2 of v2.pdf
2003.04.21 14:40 B \part1 of v2.pdf --> hawk.cns.iit.edu /web/usr1/csep/csep/Web/sea/html/Copy of the CD/by year/1997/feb_april 97/polished draft v2 to task force/replicated part1 of v2.pdf
2003.04.21 14:40 B \part1 of v2_1.pdf --> hawk.cns.iit.edu /web/usr1/csep/csep/Web/sea/html/Copy of the CD/by year/1997/feb_april 97/polished draft v2 to task force/replicated part1 of v2_1.pdf
2003.04.21 14:40 B \part3 of v2.pdf --> hawk.cns.iit.edu /web/usr1/csep/csep/Web/sea/html/Copy of the CD/by year/1997/feb_april 97/polished draft v2 to task force/replicated part3 of v2.pdf
2003.04.21 14:40 B \WS_FTP.LOG --> hawk.cns.iit.edu /web/usr1/csep/csep/Web/sea/html/Copy of the CD/by year/1997/feb_april 97/polished draft v2 to task force/replicated WS_FTP.LOG
2003.04.21 14:46 B \aaa01500 --> hawk.cns.iit.edu /web/usr1/csep/csep/Web/sea/html/Copy of the CD/by year/1997/feb_april 97/polished draft v2 to task force/replicated aaa01500
2003.04.21 14:46 B \aab01500 --> hawk.cns.iit.edu /web/usr1/csep/csep/Web/sea/html/Copy of the CD/by year/1997/feb_april 97/polished draft v2 to task force/replicated aab01500
2003.04.21 14:46 B \aac01500 --> hawk.cns.iit.edu /web/usr1/csep/csep/Web/sea/html/Copy of the CD/by year/1997/feb_april 97/polished draft v2 to task force/replicated aac01500
2003.04.21 14:46 B \aad01500 --> hawk.cns.iit.edu /web/usr1/csep/csep/Web/sea/html/Copy of the CD/by year/1997/feb_april 97/polished draft v2 to task force/replicated aad01500
2003.04.21 14:46 B \aae01500 --> hawk.cns.iit.edu /web/usr1/csep/csep/Web/sea/html/Copy of the CD/by year/1997/feb_april 97/polished draft v2 to task force/replicated aae01500
2003.04.21 14:46 B \aaf01500 --> hawk.cns.iit.edu /web/usr1/csep/csep/Web/sea/html/Copy of the CD/by year/1997/feb_april 97/polished draft v2 to task force/replicated aaf01500
2003.04.21 14:46 B \aag01500 --> hawk.cns.iit.edu /web/usr1/csep/csep/Web/sea/html/Copy of the CD/by year/1997/feb_april 97/polished draft v2 to task force/replicated aag01500
2003.04.21 14:46 B \aah01500 --> hawk.cns.iit.edu /web/usr1/csep/csep/Web/sea/html/Copy of the CD/by year/1997/feb_april 97/polished draft v2 to task force/replicated aah01500
2003.04.21 14:46 B \aai01500 --> hawk.cns.iit.edu /web/usr1/csep/csep/Web/sea/html/Copy of the CD/by year/1997/feb_april 97/polished draft v2 to task force/replicated aai01500
2003.04.21 14:46 B \aaj01500 --> hawk.cns.iit.edu /web/usr1/csep/csep/Web/sea/html/Copy of the CD/by year/1997/feb_april 97/polished draft v2 to task force/replicated aaj01500
2003.04.21 14:46 B \aak01500 --> hawk.cns.iit.edu /web/usr1/csep/csep/Web/sea/html/Copy of the CD/by year/1997/feb_april 97/polished draft v2 to task force/replicated aak01500
2003.04.21 14:46 B \part 2 of v2.pdf --> hawk.cns.iit.edu /web/usr1/csep/csep/Web/sea/html/Copy of the CD/by year/1997/feb_april 97/polished draft v2 to task force/replicated part 2 of v2.pdf
2003.04.21 14:46 B \part1 of v2.pdf --> hawk.cns.iit.edu /web/usr1/csep/csep/Web/sea/html/Copy of the CD/by year/1997/feb_april 97/polished draft v2 to task force/replicated part1 of v2.pdf
2003.04.21 14:46 B \part1 of v2_1.pdf --> hawk.cns.iit.edu /web/usr1/csep/csep/Web/sea/html/Copy of the CD/by year/1997/feb_april 97/polished draft v2 to task force/replicated part1 of v2_1.pdf
2003.04.21 14:46 B \part3 of v2.pdf --> hawk.cns.iit.edu /web/usr1/csep/csep/Web/sea/html/Copy of the CD/by year/1997/feb_april 97/polished draft v2 to task force/replicated part3 of v2.pdf
2003.04.21 14:46 B \WS_FTP.LOG --> hawk.cns.iit.edu /web/usr1/csep/csep/Web/sea/html/Copy of the CD/by year/1997/feb_april 97/polished draft v2 to task force/replicated WS_FTP.LOG
2004.11.12 21:06 B \aaa01500 --> hawk.iit.edu /web/usr1/csep/csep/Web/sea/html/Copy of the CD/by year/1997/feb_april 97/polished draft v2 to task force/replicated aaa01500
2004.11.12 21:06 B \aab01500 --> hawk.iit.edu /web/usr1/csep/csep/Web/sea/html/Copy of the CD/by year/1997/feb_april 97/polished draft v2 to task force/replicated aab01500
2004.11.12 21:06 B \aac01500 --> hawk.iit.edu /web/usr1/csep/csep/Web/sea/html/Copy of the CD/by year/1997/feb_april 97/polished draft v2 to task force/replicated aac01500
2004.11.12 21:06 B \aad01500 --> hawk.iit.edu /web/usr1/csep/csep/Web/sea/html/Copy of the CD/by year/1997/feb_april 97/polished draft v2 to task force/replicated aad01500
2004.11.12 21:06 B \aae01500 --> hawk.iit.edu /web/usr1/csep/csep/Web/sea/html/Copy of the CD/by year/1997/feb_april 97/polished draft v2 to task force/replicated aae01500
2004.11.12 21:06 B \aaf01500 --> hawk.iit.edu /web/usr1/csep/csep/Web/sea/html/Copy of the CD/by year/1997/feb_april 97/polished draft v2 to task force/replicated aaf01500
2004.11.12 21:06 B \aag01500 --> hawk.iit.edu /web/usr1/csep/csep/Web/sea/html/Copy of the CD/by year/1997/feb_april 97/polished draft v2 to task force/replicated aag01500
2004.11.12 21:07 B \aah01500 --> hawk.iit.edu /web/usr1/csep/csep/Web/sea/html/Copy of the CD/by year/1997/feb_april 97/polished draft v2 to task force/replicated aah01500
2004.11.12 21:07 B \aai01500 --> hawk.iit.edu /web/usr1/csep/csep/Web/sea/html/Copy of the CD/by year/1997/feb_april 97/polished draft v2 to task force/replicated aai01500
2004.11.12 21:07 B \aaj01500 --> hawk.iit.edu /web/usr1/csep/csep/Web/sea/html/Copy of the CD/by year/1997/feb_april 97/polished draft v2 to task force/replicated aaj01500
2004.11.12 21:07 B \aak01500 --> hawk.iit.edu /web/usr1/csep/csep/Web/sea/html/Copy of the CD/by year/1997/feb_april 97/polished draft v2 to task force/replicated aak01500
2004.11.12 21:07 B \part 2 of v2.pdf --> hawk.iit.edu /web/usr1/csep/csep/Web/sea/html/Copy of the CD/by year/1997/feb_april 97/polished draft v2 to task force/replicated part 2 of v2.pdf
2004.11.12 21:07 B \part1 of v2.pdf --> hawk.iit.edu /web/usr1/csep/csep/Web/sea/html/Copy of the CD/by year/1997/feb_april 97/polished draft v2 to task force/replicated part1 of v2.pdf
2004.11.12 21:07 B \part1 of v2_1.pdf --> hawk.iit.edu /web/usr1/csep/csep/Web/sea/html/Copy of the CD/by year/1997/feb_april 97/polished draft v2 to task force/replicated part1 of v2_1.pdf
2004.11.12 21:07 B \part3 of v2.pdf --> hawk.iit.edu /web/usr1/csep/csep/Web/sea/html/Copy of the CD/by year/1997/feb_april 97/polished draft v2 to task force/replicated part3 of v2.pdf
2004.11.12 21:07 B \WS_FTP.LOG --> hawk.iit.edu /web/usr1/csep/csep/Web/sea/html/Copy of the CD/by year/1997/feb_april 97/polished draft v2 to task force/replicated WS_FTP.LOG
