2003.04.21 14:36 B C:\Documents and Settings\Administrator\My Documents\Web\sea\html\Copy of the CD\by year\1997\feb_april 97\CrossRef Feb 10_has ver 1.doc --> hawk.cns.iit.edu /web/usr1/csep/csep/Web/sea/html/Copy of the CD/by year/by year/1997/feb_april 97 CrossRef Feb 10_has ver 1.doc
2003.04.21 14:36 B C:\Documents and Settings\Administrator\My Documents\Web\sea\html\Copy of the CD\by year\1997\feb_april 97\Fixes to 2.1 principles 1_2 to KM.doc --> hawk.cns.iit.edu /web/usr1/csep/csep/Web/sea/html/Copy of the CD/by year/by year/1997/feb_april 97 Fixes to 2.1 principles 1_2 to KM.doc
2003.04.21 14:36 B C:\Documents and Settings\Administrator\My Documents\Web\sea\html\Copy of the CD\by year\1997\feb_april 97\Fixes to 2.1 principles 1_2 to KM.txt --> hawk.cns.iit.edu /web/usr1/csep/csep/Web/sea/html/Copy of the CD/by year/by year/1997/feb_april 97 Fixes to 2.1 principles 1_2 to KM.txt
2003.04.21 14:36 B C:\Documents and Settings\Administrator\My Documents\Web\sea\html\Copy of the CD\by year\1997\feb_april 97\Fixex for 2.1 tokm3.doc --> hawk.cns.iit.edu /web/usr1/csep/csep/Web/sea/html/Copy of the CD/by year/by year/1997/feb_april 97 Fixex for 2.1 tokm3.doc
2003.04.21 14:36 B C:\Documents and Settings\Administrator\My Documents\Web\sea\html\Copy of the CD\by year\1997\feb_april 97\Fixex for 2.1 tokm3.txt --> hawk.cns.iit.edu /web/usr1/csep/csep/Web/sea/html/Copy of the CD/by year/by year/1997/feb_april 97 Fixex for 2.1 tokm3.txt
2003.04.21 14:36 B C:\Documents and Settings\Administrator\My Documents\Web\sea\html\Copy of the CD\by year\1997\feb_april 97\Push Steer Committee.doc --> hawk.cns.iit.edu /web/usr1/csep/csep/Web/sea/html/Copy of the CD/by year/by year/1997/feb_april 97 Push Steer Committee.doc
2003.04.21 14:36 B C:\Documents and Settings\Administrator\My Documents\Web\sea\html\Copy of the CD\by year\1997\feb_april 97\Push Steer Committee.txt --> hawk.cns.iit.edu /web/usr1/csep/csep/Web/sea/html/Copy of the CD/by year/by year/1997/feb_april 97 Push Steer Committee.txt
2003.04.21 14:40 B C:\Documents and Settings\Administrator\My Documents\Web\sea\html\Copy of the CD\by year\1997\feb_april 97\WS_FTP.LOG --> hawk.cns.iit.edu /web/usr1/csep/csep/Web/sea/html/Copy of the CD/by year/1997/feb_april 97 WS_FTP.LOG
2003.04.21 14:46 B C:\Documents and Settings\Administrator\My Documents\Web\sea\html\Copy of the CD\by year\1997\feb_april 97\CrossRef Feb 10_has ver 1.doc --> hawk.cns.iit.edu /web/usr1/csep/csep/Web/sea/html/Copy of the CD/by year/1997/feb_april 97 CrossRef Feb 10_has ver 1.doc
2003.04.21 14:46 B C:\Documents and Settings\Administrator\My Documents\Web\sea\html\Copy of the CD\by year\1997\feb_april 97\Fixes to 2.1 principles 1_2 to KM.doc --> hawk.cns.iit.edu /web/usr1/csep/csep/Web/sea/html/Copy of the CD/by year/1997/feb_april 97 Fixes to 2.1 principles 1_2 to KM.doc
2003.04.21 14:46 B C:\Documents and Settings\Administrator\My Documents\Web\sea\html\Copy of the CD\by year\1997\feb_april 97\Fixes to 2.1 principles 1_2 to KM.txt --> hawk.cns.iit.edu /web/usr1/csep/csep/Web/sea/html/Copy of the CD/by year/1997/feb_april 97 Fixes to 2.1 principles 1_2 to KM.txt
2003.04.21 14:46 B C:\Documents and Settings\Administrator\My Documents\Web\sea\html\Copy of the CD\by year\1997\feb_april 97\Fixex for 2.1 tokm3.doc --> hawk.cns.iit.edu /web/usr1/csep/csep/Web/sea/html/Copy of the CD/by year/1997/feb_april 97 Fixex for 2.1 tokm3.doc
2003.04.21 14:46 B C:\Documents and Settings\Administrator\My Documents\Web\sea\html\Copy of the CD\by year\1997\feb_april 97\Fixex for 2.1 tokm3.txt --> hawk.cns.iit.edu /web/usr1/csep/csep/Web/sea/html/Copy of the CD/by year/1997/feb_april 97 Fixex for 2.1 tokm3.txt
2003.04.21 14:46 B C:\Documents and Settings\Administrator\My Documents\Web\sea\html\Copy of the CD\by year\1997\feb_april 97\Push Steer Committee.doc --> hawk.cns.iit.edu /web/usr1/csep/csep/Web/sea/html/Copy of the CD/by year/1997/feb_april 97 Push Steer Committee.doc
2003.04.21 14:46 B C:\Documents and Settings\Administrator\My Documents\Web\sea\html\Copy of the CD\by year\1997\feb_april 97\Push Steer Committee.txt --> hawk.cns.iit.edu /web/usr1/csep/csep/Web/sea/html/Copy of the CD/by year/1997/feb_april 97 Push Steer Committee.txt
2003.04.21 14:46 B C:\Documents and Settings\Administrator\My Documents\Web\sea\html\Copy of the CD\by year\1997\feb_april 97\WS_FTP.LOG --> hawk.cns.iit.edu /web/usr1/csep/csep/Web/sea/html/Copy of the CD/by year/1997/feb_april 97 WS_FTP.LOG
2004.11.12 21:17 B C:\Documents and Settings\Administrator\My Documents\Web\sea\html\Copy of the CD\by year\1997\feb_april 97\CrossRef Feb 10_has ver 1.doc --> hawk.iit.edu /web/usr1/csep/csep/Web/sea/html/Copy of the CD/by year/1997/feb_april 97 CrossRef Feb 10_has ver 1.doc
2004.11.12 21:17 B C:\Documents and Settings\Administrator\My Documents\Web\sea\html\Copy of the CD\by year\1997\feb_april 97\Fixes to 2.1 principles 1_2 to KM.doc --> hawk.iit.edu /web/usr1/csep/csep/Web/sea/html/Copy of the CD/by year/1997/feb_april 97 Fixes to 2.1 principles 1_2 to KM.doc
2004.11.12 21:17 B C:\Documents and Settings\Administrator\My Documents\Web\sea\html\Copy of the CD\by year\1997\feb_april 97\Fixes to 2.1 principles 1_2 to KM.txt --> hawk.iit.edu /web/usr1/csep/csep/Web/sea/html/Copy of the CD/by year/1997/feb_april 97 Fixes to 2.1 principles 1_2 to KM.txt
2004.11.12 21:17 B C:\Documents and Settings\Administrator\My Documents\Web\sea\html\Copy of the CD\by year\1997\feb_april 97\Fixex for 2.1 tokm3.doc --> hawk.iit.edu /web/usr1/csep/csep/Web/sea/html/Copy of the CD/by year/1997/feb_april 97 Fixex for 2.1 tokm3.doc
2004.11.12 21:17 B C:\Documents and Settings\Administrator\My Documents\Web\sea\html\Copy of the CD\by year\1997\feb_april 97\Fixex for 2.1 tokm3.txt --> hawk.iit.edu /web/usr1/csep/csep/Web/sea/html/Copy of the CD/by year/1997/feb_april 97 Fixex for 2.1 tokm3.txt
2004.11.12 21:17 B C:\Documents and Settings\Administrator\My Documents\Web\sea\html\Copy of the CD\by year\1997\feb_april 97\Push Steer Committee.doc --> hawk.iit.edu /web/usr1/csep/csep/Web/sea/html/Copy of the CD/by year/1997/feb_april 97 Push Steer Committee.doc
2004.11.12 21:18 B C:\Documents and Settings\Administrator\My Documents\Web\sea\html\Copy of the CD\by year\1997\feb_april 97\Push Steer Committee.txt --> hawk.iit.edu /web/usr1/csep/csep/Web/sea/html/Copy of the CD/by year/1997/feb_april 97 Push Steer Committee.txt
2004.11.12 21:18 B C:\Documents and Settings\Administrator\My Documents\Web\sea\html\Copy of the CD\by year\1997\feb_april 97\WS_FTP.LOG --> hawk.iit.edu /web/usr1/csep/csep/Web/sea/html/Copy of the CD/by year/1997/feb_april 97 WS_FTP.LOG
