2003.04.21 14:36 B C:\Documents and Settings\Administrator\My Documents\Web\sea\html\Copy of the CD\by year\1998\IEEE Formal Review\replicated\aaa00468 --> hawk.cns.iit.edu /web/usr1/csep/csep/Web/sea/html/Copy of the CD/by year/by year/1998/IEEE Formal Review/replicated aaa00468
2003.04.21 14:36 B C:\Documents and Settings\Administrator\My Documents\Web\sea\html\Copy of the CD\by year\1998\IEEE Formal Review\replicated\aab00468 --> hawk.cns.iit.edu /web/usr1/csep/csep/Web/sea/html/Copy of the CD/by year/by year/1998/IEEE Formal Review/replicated aab00468
2003.04.21 14:36 B C:\Documents and Settings\Administrator\My Documents\Web\sea\html\Copy of the CD\by year\1998\IEEE Formal Review\replicated\aac00468 --> hawk.cns.iit.edu /web/usr1/csep/csep/Web/sea/html/Copy of the CD/by year/by year/1998/IEEE Formal Review/replicated aac00468
2003.04.21 14:36 B C:\Documents and Settings\Administrator\My Documents\Web\sea\html\Copy of the CD\by year\1998\IEEE Formal Review\replicated\aad00468 --> hawk.cns.iit.edu /web/usr1/csep/csep/Web/sea/html/Copy of the CD/by year/by year/1998/IEEE Formal Review/replicated aad00468
2003.04.21 14:36 B C:\Documents and Settings\Administrator\My Documents\Web\sea\html\Copy of the CD\by year\1998\IEEE Formal Review\replicated\aae00468 --> hawk.cns.iit.edu /web/usr1/csep/csep/Web/sea/html/Copy of the CD/by year/by year/1998/IEEE Formal Review/replicated aae00468
2003.04.21 14:36 B C:\Documents and Settings\Administrator\My Documents\Web\sea\html\Copy of the CD\by year\1998\IEEE Formal Review\replicated\aaf00468 --> hawk.cns.iit.edu /web/usr1/csep/csep/Web/sea/html/Copy of the CD/by year/by year/1998/IEEE Formal Review/replicated aaf00468
2003.04.21 14:36 B C:\Documents and Settings\Administrator\My Documents\Web\sea\html\Copy of the CD\by year\1998\IEEE Formal Review\replicated\aag00468 --> hawk.cns.iit.edu /web/usr1/csep/csep/Web/sea/html/Copy of the CD/by year/by year/1998/IEEE Formal Review/replicated aag00468
2003.04.21 14:36 B C:\Documents and Settings\Administrator\My Documents\Web\sea\html\Copy of the CD\by year\1998\IEEE Formal Review\replicated\aah00468 --> hawk.cns.iit.edu /web/usr1/csep/csep/Web/sea/html/Copy of the CD/by year/by year/1998/IEEE Formal Review/replicated aah00468
2003.04.21 14:36 B C:\Documents and Settings\Administrator\My Documents\Web\sea\html\Copy of the CD\by year\1998\IEEE Formal Review\replicated\aai00468 --> hawk.cns.iit.edu /web/usr1/csep/csep/Web/sea/html/Copy of the CD/by year/by year/1998/IEEE Formal Review/replicated aai00468
2003.04.21 14:36 B C:\Documents and Settings\Administrator\My Documents\Web\sea\html\Copy of the CD\by year\1998\IEEE Formal Review\replicated\aaj00468 --> hawk.cns.iit.edu /web/usr1/csep/csep/Web/sea/html/Copy of the CD/by year/by year/1998/IEEE Formal Review/replicated aaj00468
2003.04.21 14:36 B C:\Documents and Settings\Administrator\My Documents\Web\sea\html\Copy of the CD\by year\1998\IEEE Formal Review\replicated\aak00468 --> hawk.cns.iit.edu /web/usr1/csep/csep/Web/sea/html/Copy of the CD/by year/by year/1998/IEEE Formal Review/replicated aak00468
2003.04.21 14:36 B C:\Documents and Settings\Administrator\My Documents\Web\sea\html\Copy of the CD\by year\1998\IEEE Formal Review\replicated\aal00468 --> hawk.cns.iit.edu /web/usr1/csep/csep/Web/sea/html/Copy of the CD/by year/by year/1998/IEEE Formal Review/replicated aal00468
2003.04.21 14:36 B C:\Documents and Settings\Administrator\My Documents\Web\sea\html\Copy of the CD\by year\1998\IEEE Formal Review\replicated\aam00468 --> hawk.cns.iit.edu /web/usr1/csep/csep/Web/sea/html/Copy of the CD/by year/by year/1998/IEEE Formal Review/replicated aam00468
2003.04.21 14:36 B C:\Documents and Settings\Administrator\My Documents\Web\sea\html\Copy of the CD\by year\1998\IEEE Formal Review\replicated\aan00468 --> hawk.cns.iit.edu /web/usr1/csep/csep/Web/sea/html/Copy of the CD/by year/by year/1998/IEEE Formal Review/replicated aan00468
2003.04.21 14:36 B C:\Documents and Settings\Administrator\My Documents\Web\sea\html\Copy of the CD\by year\1998\IEEE Formal Review\replicated\aao00468 --> hawk.cns.iit.edu /web/usr1/csep/csep/Web/sea/html/Copy of the CD/by year/by year/1998/IEEE Formal Review/replicated aao00468
2003.04.21 14:36 B C:\Documents and Settings\Administrator\My Documents\Web\sea\html\Copy of the CD\by year\1998\IEEE Formal Review\replicated\aap00468 --> hawk.cns.iit.edu /web/usr1/csep/csep/Web/sea/html/Copy of the CD/by year/by year/1998/IEEE Formal Review/replicated aap00468
2003.04.21 14:36 B C:\Documents and Settings\Administrator\My Documents\Web\sea\html\Copy of the CD\by year\1998\IEEE Formal Review\replicated\aaq00468 --> hawk.cns.iit.edu /web/usr1/csep/csep/Web/sea/html/Copy of the CD/by year/by year/1998/IEEE Formal Review/replicated aaq00468
2003.04.21 14:36 B C:\Documents and Settings\Administrator\My Documents\Web\sea\html\Copy of the CD\by year\1998\IEEE Formal Review\replicated\aar00468 --> hawk.cns.iit.edu /web/usr1/csep/csep/Web/sea/html/Copy of the CD/by year/by year/1998/IEEE Formal Review/replicated aar00468
2003.04.21 14:36 B C:\Documents and Settings\Administrator\My Documents\Web\sea\html\Copy of the CD\by year\1998\IEEE Formal Review\replicated\aas00468 --> hawk.cns.iit.edu /web/usr1/csep/csep/Web/sea/html/Copy of the CD/by year/by year/1998/IEEE Formal Review/replicated aas00468
2003.04.21 14:36 B C:\Documents and Settings\Administrator\My Documents\Web\sea\html\Copy of the CD\by year\1998\IEEE Formal Review\replicated\aat00468 --> hawk.cns.iit.edu /web/usr1/csep/csep/Web/sea/html/Copy of the CD/by year/by year/1998/IEEE Formal Review/replicated aat00468
2003.04.21 14:36 B C:\Documents and Settings\Administrator\My Documents\Web\sea\html\Copy of the CD\by year\1998\IEEE Formal Review\replicated\aau00468 --> hawk.cns.iit.edu /web/usr1/csep/csep/Web/sea/html/Copy of the CD/by year/by year/1998/IEEE Formal Review/replicated aau00468
2003.04.21 14:36 B C:\Documents and Settings\Administrator\My Documents\Web\sea\html\Copy of the CD\by year\1998\IEEE Formal Review\replicated\aav00468 --> hawk.cns.iit.edu /web/usr1/csep/csep/Web/sea/html/Copy of the CD/by year/by year/1998/IEEE Formal Review/replicated aav00468
2003.04.21 14:36 B C:\Documents and Settings\Administrator\My Documents\Web\sea\html\Copy of the CD\by year\1998\IEEE Formal Review\replicated\aaw00468 --> hawk.cns.iit.edu /web/usr1/csep/csep/Web/sea/html/Copy of the CD/by year/by year/1998/IEEE Formal Review/replicated aaw00468
2003.04.21 14:36 B C:\Documents and Settings\Administrator\My Documents\Web\sea\html\Copy of the CD\by year\1998\IEEE Formal Review\replicated\aax00468 --> hawk.cns.iit.edu /web/usr1/csep/csep/Web/sea/html/Copy of the CD/by year/by year/1998/IEEE Formal Review/replicated aax00468
2003.04.21 14:36 B C:\Documents and Settings\Administrator\My Documents\Web\sea\html\Copy of the CD\by year\1998\IEEE Formal Review\replicated\DG questions his responses.pdf --> hawk.cns.iit.edu /web/usr1/csep/csep/Web/sea/html/Copy of the CD/by year/by year/1998/IEEE Formal Review/replicated DG questions his responses.pdf
2003.04.21 14:36 B C:\Documents and Settings\Administrator\My Documents\Web\sea\html\Copy of the CD\by year\1998\IEEE Formal Review\replicated\IEEE Review and response revised.pdf --> hawk.cns.iit.edu /web/usr1/csep/csep/Web/sea/html/Copy of the CD/by year/by year/1998/IEEE Formal Review/replicated IEEE Review and response revised.pdf
2003.04.21 14:36 B C:\Documents and Settings\Administrator\My Documents\Web\sea\html\Copy of the CD\by year\1998\IEEE Formal Review\replicated\IEEE Review and response.pdf --> hawk.cns.iit.edu /web/usr1/csep/csep/Web/sea/html/Copy of the CD/by year/by year/1998/IEEE Formal Review/replicated IEEE Review and response.pdf
2003.04.21 14:36 B C:\Documents and Settings\Administrator\My Documents\Web\sea\html\Copy of the CD\by year\1998\IEEE Formal Review\replicated\IEEE Review.pdf --> hawk.cns.iit.edu /web/usr1/csep/csep/Web/sea/html/Copy of the CD/by year/by year/1998/IEEE Formal Review/replicated IEEE Review.pdf
2003.04.21 14:36 B C:\Documents and Settings\Administrator\My Documents\Web\sea\html\Copy of the CD\by year\1998\IEEE Formal Review\replicated\Jacques BERLEUR committees coments.pdf --> hawk.cns.iit.edu /web/usr1/csep/csep/Web/sea/html/Copy of the CD/by year/by year/1998/IEEE Formal Review/replicated Jacques BERLEUR committees coments.pdf
2003.04.21 14:36 B C:\Documents and Settings\Administrator\My Documents\Web\sea\html\Copy of the CD\by year\1998\IEEE Formal Review\replicated\NotestoSKreVote.pdf --> hawk.cns.iit.edu /web/usr1/csep/csep/Web/sea/html/Copy of the CD/by year/by year/1998/IEEE Formal Review/replicated NotestoSKreVote.pdf
2003.04.21 14:36 B C:\Documents and Settings\Administrator\My Documents\Web\sea\html\Copy of the CD\by year\1998\IEEE Formal Review\replicated\REPLYDoNE.pdf --> hawk.cns.iit.edu /web/usr1/csep/csep/Web/sea/html/Copy of the CD/by year/by year/1998/IEEE Formal Review/replicated REPLYDoNE.pdf
2003.04.21 14:36 B C:\Documents and Settings\Administrator\My Documents\Web\sea\html\Copy of the CD\by year\1998\IEEE Formal Review\replicated\rply aug13.pdf --> hawk.cns.iit.edu /web/usr1/csep/csep/Web/sea/html/Copy of the CD/by year/by year/1998/IEEE Formal Review/replicated rply aug13.pdf
2003.04.21 14:36 B C:\Documents and Settings\Administrator\My Documents\Web\sea\html\Copy of the CD\by year\1998\IEEE Formal Review\replicated\SEVoteRply.pdf --> hawk.cns.iit.edu /web/usr1/csep/csep/Web/sea/html/Copy of the CD/by year/by year/1998/IEEE Formal Review/replicated SEVoteRply.pdf
2003.04.21 14:36 B C:\Documents and Settings\Administrator\My Documents\Web\sea\html\Copy of the CD\by year\1998\IEEE Formal Review\replicated\V5 changes per IEEE Comments.pdf --> hawk.cns.iit.edu /web/usr1/csep/csep/Web/sea/html/Copy of the CD/by year/by year/1998/IEEE Formal Review/replicated V5 changes per IEEE Comments.pdf
2003.04.21 14:36 B C:\Documents and Settings\Administrator\My Documents\Web\sea\html\Copy of the CD\by year\1998\IEEE Formal Review\replicated\VER40b.pdf --> hawk.cns.iit.edu /web/usr1/csep/csep/Web/sea/html/Copy of the CD/by year/by year/1998/IEEE Formal Review/replicated VER40b.pdf
2003.04.21 14:36 B C:\Documents and Settings\Administrator\My Documents\Web\sea\html\Copy of the CD\by year\1998\IEEE Formal Review\replicated\VER40C.pdf --> hawk.cns.iit.edu /web/usr1/csep/csep/Web/sea/html/Copy of the CD/by year/by year/1998/IEEE Formal Review/replicated VER40C.pdf
2003.04.21 14:41 B C:\Documents and Settings\Administrator\My Documents\Web\sea\html\Copy of the CD\by year\1998\IEEE Formal Review\replicated\aaa00468 --> hawk.cns.iit.edu /web/usr1/csep/csep/Web/sea/html/Copy of the CD/by year/1998/IEEE Formal Review/replicated aaa00468
2003.04.21 14:41 B C:\Documents and Settings\Administrator\My Documents\Web\sea\html\Copy of the CD\by year\1998\IEEE Formal Review\replicated\aab00468 --> hawk.cns.iit.edu /web/usr1/csep/csep/Web/sea/html/Copy of the CD/by year/1998/IEEE Formal Review/replicated aab00468
2003.04.21 14:41 B C:\Documents and Settings\Administrator\My Documents\Web\sea\html\Copy of the CD\by year\1998\IEEE Formal Review\replicated\aac00468 --> hawk.cns.iit.edu /web/usr1/csep/csep/Web/sea/html/Copy of the CD/by year/1998/IEEE Formal Review/replicated aac00468
2003.04.21 14:41 B C:\Documents and Settings\Administrator\My Documents\Web\sea\html\Copy of the CD\by year\1998\IEEE Formal Review\replicated\aad00468 --> hawk.cns.iit.edu /web/usr1/csep/csep/Web/sea/html/Copy of the CD/by year/1998/IEEE Formal Review/replicated aad00468
2003.04.21 14:41 B C:\Documents and Settings\Administrator\My Documents\Web\sea\html\Copy of the CD\by year\1998\IEEE Formal Review\replicated\aae00468 --> hawk.cns.iit.edu /web/usr1/csep/csep/Web/sea/html/Copy of the CD/by year/1998/IEEE Formal Review/replicated aae00468
2003.04.21 14:41 B C:\Documents and Settings\Administrator\My Documents\Web\sea\html\Copy of the CD\by year\1998\IEEE Formal Review\replicated\aaf00468 --> hawk.cns.iit.edu /web/usr1/csep/csep/Web/sea/html/Copy of the CD/by year/1998/IEEE Formal Review/replicated aaf00468
2003.04.21 14:41 B C:\Documents and Settings\Administrator\My Documents\Web\sea\html\Copy of the CD\by year\1998\IEEE Formal Review\replicated\aag00468 --> hawk.cns.iit.edu /web/usr1/csep/csep/Web/sea/html/Copy of the CD/by year/1998/IEEE Formal Review/replicated aag00468
2003.04.21 14:46 B C:\Documents and Settings\Administrator\My Documents\Web\sea\html\Copy of the CD\by year\1998\IEEE Formal Review\replicated\aaa00468 --> hawk.cns.iit.edu /web/usr1/csep/csep/Web/sea/html/Copy of the CD/by year/1998/IEEE Formal Review/replicated aaa00468
2003.04.21 14:46 B C:\Documents and Settings\Administrator\My Documents\Web\sea\html\Copy of the CD\by year\1998\IEEE Formal Review\replicated\aab00468 --> hawk.cns.iit.edu /web/usr1/csep/csep/Web/sea/html/Copy of the CD/by year/1998/IEEE Formal Review/replicated aab00468
2003.04.21 14:46 B C:\Documents and Settings\Administrator\My Documents\Web\sea\html\Copy of the CD\by year\1998\IEEE Formal Review\replicated\aac00468 --> hawk.cns.iit.edu /web/usr1/csep/csep/Web/sea/html/Copy of the CD/by year/1998/IEEE Formal Review/replicated aac00468
2003.04.21 14:46 B C:\Documents and Settings\Administrator\My Documents\Web\sea\html\Copy of the CD\by year\1998\IEEE Formal Review\replicated\aad00468 --> hawk.cns.iit.edu /web/usr1/csep/csep/Web/sea/html/Copy of the CD/by year/1998/IEEE Formal Review/replicated aad00468
2003.04.21 14:46 B C:\Documents and Settings\Administrator\My Documents\Web\sea\html\Copy of the CD\by year\1998\IEEE Formal Review\replicated\aae00468 --> hawk.cns.iit.edu /web/usr1/csep/csep/Web/sea/html/Copy of the CD/by year/1998/IEEE Formal Review/replicated aae00468
2003.04.21 14:46 B C:\Documents and Settings\Administrator\My Documents\Web\sea\html\Copy of the CD\by year\1998\IEEE Formal Review\replicated\aaf00468 --> hawk.cns.iit.edu /web/usr1/csep/csep/Web/sea/html/Copy of the CD/by year/1998/IEEE Formal Review/replicated aaf00468
2003.04.21 14:46 B C:\Documents and Settings\Administrator\My Documents\Web\sea\html\Copy of the CD\by year\1998\IEEE Formal Review\replicated\aag00468 --> hawk.cns.iit.edu /web/usr1/csep/csep/Web/sea/html/Copy of the CD/by year/1998/IEEE Formal Review/replicated aag00468
2003.04.21 14:46 B C:\Documents and Settings\Administrator\My Documents\Web\sea\html\Copy of the CD\by year\1998\IEEE Formal Review\replicated\aah00468 --> hawk.cns.iit.edu /web/usr1/csep/csep/Web/sea/html/Copy of the CD/by year/1998/IEEE Formal Review/replicated aah00468
2003.04.21 14:46 B C:\Documents and Settings\Administrator\My Documents\Web\sea\html\Copy of the CD\by year\1998\IEEE Formal Review\replicated\aai00468 --> hawk.cns.iit.edu /web/usr1/csep/csep/Web/sea/html/Copy of the CD/by year/1998/IEEE Formal Review/replicated aai00468
2003.04.21 14:46 B C:\Documents and Settings\Administrator\My Documents\Web\sea\html\Copy of the CD\by year\1998\IEEE Formal Review\replicated\aaj00468 --> hawk.cns.iit.edu /web/usr1/csep/csep/Web/sea/html/Copy of the CD/by year/1998/IEEE Formal Review/replicated aaj00468
2003.04.21 14:46 B C:\Documents and Settings\Administrator\My Documents\Web\sea\html\Copy of the CD\by year\1998\IEEE Formal Review\replicated\aak00468 --> hawk.cns.iit.edu /web/usr1/csep/csep/Web/sea/html/Copy of the CD/by year/1998/IEEE Formal Review/replicated aak00468
2003.04.21 14:46 B C:\Documents and Settings\Administrator\My Documents\Web\sea\html\Copy of the CD\by year\1998\IEEE Formal Review\replicated\aal00468 --> hawk.cns.iit.edu /web/usr1/csep/csep/Web/sea/html/Copy of the CD/by year/1998/IEEE Formal Review/replicated aal00468
2003.04.21 14:46 B C:\Documents and Settings\Administrator\My Documents\Web\sea\html\Copy of the CD\by year\1998\IEEE Formal Review\replicated\aam00468 --> hawk.cns.iit.edu /web/usr1/csep/csep/Web/sea/html/Copy of the CD/by year/1998/IEEE Formal Review/replicated aam00468
2003.04.21 14:46 B C:\Documents and Settings\Administrator\My Documents\Web\sea\html\Copy of the CD\by year\1998\IEEE Formal Review\replicated\aan00468 --> hawk.cns.iit.edu /web/usr1/csep/csep/Web/sea/html/Copy of the CD/by year/1998/IEEE Formal Review/replicated aan00468
2003.04.21 14:46 B C:\Documents and Settings\Administrator\My Documents\Web\sea\html\Copy of the CD\by year\1998\IEEE Formal Review\replicated\aao00468 --> hawk.cns.iit.edu /web/usr1/csep/csep/Web/sea/html/Copy of the CD/by year/1998/IEEE Formal Review/replicated aao00468
2003.04.21 14:46 B C:\Documents and Settings\Administrator\My Documents\Web\sea\html\Copy of the CD\by year\1998\IEEE Formal Review\replicated\aap00468 --> hawk.cns.iit.edu /web/usr1/csep/csep/Web/sea/html/Copy of the CD/by year/1998/IEEE Formal Review/replicated aap00468
2003.04.21 14:46 B C:\Documents and Settings\Administrator\My Documents\Web\sea\html\Copy of the CD\by year\1998\IEEE Formal Review\replicated\aaq00468 --> hawk.cns.iit.edu /web/usr1/csep/csep/Web/sea/html/Copy of the CD/by year/1998/IEEE Formal Review/replicated aaq00468
2003.04.21 14:46 B C:\Documents and Settings\Administrator\My Documents\Web\sea\html\Copy of the CD\by year\1998\IEEE Formal Review\replicated\aar00468 --> hawk.cns.iit.edu /web/usr1/csep/csep/Web/sea/html/Copy of the CD/by year/1998/IEEE Formal Review/replicated aar00468
2003.04.21 14:46 B C:\Documents and Settings\Administrator\My Documents\Web\sea\html\Copy of the CD\by year\1998\IEEE Formal Review\replicated\aas00468 --> hawk.cns.iit.edu /web/usr1/csep/csep/Web/sea/html/Copy of the CD/by year/1998/IEEE Formal Review/replicated aas00468
2003.04.21 14:46 B C:\Documents and Settings\Administrator\My Documents\Web\sea\html\Copy of the CD\by year\1998\IEEE Formal Review\replicated\aat00468 --> hawk.cns.iit.edu /web/usr1/csep/csep/Web/sea/html/Copy of the CD/by year/1998/IEEE Formal Review/replicated aat00468
2003.04.21 14:46 B C:\Documents and Settings\Administrator\My Documents\Web\sea\html\Copy of the CD\by year\1998\IEEE Formal Review\replicated\aau00468 --> hawk.cns.iit.edu /web/usr1/csep/csep/Web/sea/html/Copy of the CD/by year/1998/IEEE Formal Review/replicated aau00468
2003.04.21 14:46 B C:\Documents and Settings\Administrator\My Documents\Web\sea\html\Copy of the CD\by year\1998\IEEE Formal Review\replicated\aav00468 --> hawk.cns.iit.edu /web/usr1/csep/csep/Web/sea/html/Copy of the CD/by year/1998/IEEE Formal Review/replicated aav00468
2003.04.21 14:46 B C:\Documents and Settings\Administrator\My Documents\Web\sea\html\Copy of the CD\by year\1998\IEEE Formal Review\replicated\aaw00468 --> hawk.cns.iit.edu /web/usr1/csep/csep/Web/sea/html/Copy of the CD/by year/1998/IEEE Formal Review/replicated aaw00468
2003.04.21 14:46 B C:\Documents and Settings\Administrator\My Documents\Web\sea\html\Copy of the CD\by year\1998\IEEE Formal Review\replicated\aax00468 --> hawk.cns.iit.edu /web/usr1/csep/csep/Web/sea/html/Copy of the CD/by year/1998/IEEE Formal Review/replicated aax00468
2003.04.21 14:46 B C:\Documents and Settings\Administrator\My Documents\Web\sea\html\Copy of the CD\by year\1998\IEEE Formal Review\replicated\DG questions his responses.pdf --> hawk.cns.iit.edu /web/usr1/csep/csep/Web/sea/html/Copy of the CD/by year/1998/IEEE Formal Review/replicated DG questions his responses.pdf
2003.04.21 14:46 B C:\Documents and Settings\Administrator\My Documents\Web\sea\html\Copy of the CD\by year\1998\IEEE Formal Review\replicated\IEEE Review and response revised.pdf --> hawk.cns.iit.edu /web/usr1/csep/csep/Web/sea/html/Copy of the CD/by year/1998/IEEE Formal Review/replicated IEEE Review and response revised.pdf
2003.04.21 14:46 B C:\Documents and Settings\Administrator\My Documents\Web\sea\html\Copy of the CD\by year\1998\IEEE Formal Review\replicated\IEEE Review and response.pdf --> hawk.cns.iit.edu /web/usr1/csep/csep/Web/sea/html/Copy of the CD/by year/1998/IEEE Formal Review/replicated IEEE Review and response.pdf
2003.04.21 14:46 B C:\Documents and Settings\Administrator\My Documents\Web\sea\html\Copy of the CD\by year\1998\IEEE Formal Review\replicated\IEEE Review.pdf --> hawk.cns.iit.edu /web/usr1/csep/csep/Web/sea/html/Copy of the CD/by year/1998/IEEE Formal Review/replicated IEEE Review.pdf
2003.04.21 14:46 B C:\Documents and Settings\Administrator\My Documents\Web\sea\html\Copy of the CD\by year\1998\IEEE Formal Review\replicated\Jacques BERLEUR committees coments.pdf --> hawk.cns.iit.edu /web/usr1/csep/csep/Web/sea/html/Copy of the CD/by year/1998/IEEE Formal Review/replicated Jacques BERLEUR committees coments.pdf
2003.04.21 14:46 B C:\Documents and Settings\Administrator\My Documents\Web\sea\html\Copy of the CD\by year\1998\IEEE Formal Review\replicated\NotestoSKreVote.pdf --> hawk.cns.iit.edu /web/usr1/csep/csep/Web/sea/html/Copy of the CD/by year/1998/IEEE Formal Review/replicated NotestoSKreVote.pdf
2003.04.21 14:46 B C:\Documents and Settings\Administrator\My Documents\Web\sea\html\Copy of the CD\by year\1998\IEEE Formal Review\replicated\REPLYDoNE.pdf --> hawk.cns.iit.edu /web/usr1/csep/csep/Web/sea/html/Copy of the CD/by year/1998/IEEE Formal Review/replicated REPLYDoNE.pdf
2003.04.21 14:46 B C:\Documents and Settings\Administrator\My Documents\Web\sea\html\Copy of the CD\by year\1998\IEEE Formal Review\replicated\rply aug13.pdf --> hawk.cns.iit.edu /web/usr1/csep/csep/Web/sea/html/Copy of the CD/by year/1998/IEEE Formal Review/replicated rply aug13.pdf
2003.04.21 14:46 B C:\Documents and Settings\Administrator\My Documents\Web\sea\html\Copy of the CD\by year\1998\IEEE Formal Review\replicated\SEVoteRply.pdf --> hawk.cns.iit.edu /web/usr1/csep/csep/Web/sea/html/Copy of the CD/by year/1998/IEEE Formal Review/replicated SEVoteRply.pdf
2003.04.21 14:46 B C:\Documents and Settings\Administrator\My Documents\Web\sea\html\Copy of the CD\by year\1998\IEEE Formal Review\replicated\V5 changes per IEEE Comments.pdf --> hawk.cns.iit.edu /web/usr1/csep/csep/Web/sea/html/Copy of the CD/by year/1998/IEEE Formal Review/replicated V5 changes per IEEE Comments.pdf
2003.04.21 14:46 B C:\Documents and Settings\Administrator\My Documents\Web\sea\html\Copy of the CD\by year\1998\IEEE Formal Review\replicated\VER40b.pdf --> hawk.cns.iit.edu /web/usr1/csep/csep/Web/sea/html/Copy of the CD/by year/1998/IEEE Formal Review/replicated VER40b.pdf
2003.04.21 14:46 B C:\Documents and Settings\Administrator\My Documents\Web\sea\html\Copy of the CD\by year\1998\IEEE Formal Review\replicated\VER40C.pdf --> hawk.cns.iit.edu /web/usr1/csep/csep/Web/sea/html/Copy of the CD/by year/1998/IEEE Formal Review/replicated VER40C.pdf
2003.04.21 14:46 B C:\Documents and Settings\Administrator\My Documents\Web\sea\html\Copy of the CD\by year\1998\IEEE Formal Review\replicated\WS_FTP.LOG --> hawk.cns.iit.edu /web/usr1/csep/csep/Web/sea/html/Copy of the CD/by year/1998/IEEE Formal Review/replicated WS_FTP.LOG
2004.11.12 21:33 B C:\Documents and Settings\Administrator\My Documents\Web\sea\html\Copy of the CD\by year\1998\IEEE Formal Review\replicated\aaa00468 --> hawk.iit.edu /web/usr1/csep/csep/Web/sea/html/Copy of the CD/by year/1998/IEEE Formal Review/replicated aaa00468
2004.11.12 21:33 B C:\Documents and Settings\Administrator\My Documents\Web\sea\html\Copy of the CD\by year\1998\IEEE Formal Review\replicated\aab00468 --> hawk.iit.edu /web/usr1/csep/csep/Web/sea/html/Copy of the CD/by year/1998/IEEE Formal Review/replicated aab00468
2004.11.12 21:34 B C:\Documents and Settings\Administrator\My Documents\Web\sea\html\Copy of the CD\by year\1998\IEEE Formal Review\replicated\aac00468 --> hawk.iit.edu /web/usr1/csep/csep/Web/sea/html/Copy of the CD/by year/1998/IEEE Formal Review/replicated aac00468
2004.11.12 21:34 B C:\Documents and Settings\Administrator\My Documents\Web\sea\html\Copy of the CD\by year\1998\IEEE Formal Review\replicated\aad00468 --> hawk.iit.edu /web/usr1/csep/csep/Web/sea/html/Copy of the CD/by year/1998/IEEE Formal Review/replicated aad00468
2004.11.12 21:34 B C:\Documents and Settings\Administrator\My Documents\Web\sea\html\Copy of the CD\by year\1998\IEEE Formal Review\replicated\aae00468 --> hawk.iit.edu /web/usr1/csep/csep/Web/sea/html/Copy of the CD/by year/1998/IEEE Formal Review/replicated aae00468
2004.11.12 21:34 B C:\Documents and Settings\Administrator\My Documents\Web\sea\html\Copy of the CD\by year\1998\IEEE Formal Review\replicated\aaf00468 --> hawk.iit.edu /web/usr1/csep/csep/Web/sea/html/Copy of the CD/by year/1998/IEEE Formal Review/replicated aaf00468
2004.11.12 21:34 B C:\Documents and Settings\Administrator\My Documents\Web\sea\html\Copy of the CD\by year\1998\IEEE Formal Review\replicated\aag00468 --> hawk.iit.edu /web/usr1/csep/csep/Web/sea/html/Copy of the CD/by year/1998/IEEE Formal Review/replicated aag00468
2004.11.12 21:35 B C:\Documents and Settings\Administrator\My Documents\Web\sea\html\Copy of the CD\by year\1998\IEEE Formal Review\replicated\aah00468 --> hawk.iit.edu /web/usr1/csep/csep/Web/sea/html/Copy of the CD/by year/1998/IEEE Formal Review/replicated aah00468
2004.11.12 21:35 B C:\Documents and Settings\Administrator\My Documents\Web\sea\html\Copy of the CD\by year\1998\IEEE Formal Review\replicated\aai00468 --> hawk.iit.edu /web/usr1/csep/csep/Web/sea/html/Copy of the CD/by year/1998/IEEE Formal Review/replicated aai00468
2004.11.12 21:36 B C:\Documents and Settings\Administrator\My Documents\Web\sea\html\Copy of the CD\by year\1998\IEEE Formal Review\replicated\aaj00468 --> hawk.iit.edu /web/usr1/csep/csep/Web/sea/html/Copy of the CD/by year/1998/IEEE Formal Review/replicated aaj00468
2004.11.12 21:36 B C:\Documents and Settings\Administrator\My Documents\Web\sea\html\Copy of the CD\by year\1998\IEEE Formal Review\replicated\aak00468 --> hawk.iit.edu /web/usr1/csep/csep/Web/sea/html/Copy of the CD/by year/1998/IEEE Formal Review/replicated aak00468
2004.11.12 21:36 B C:\Documents and Settings\Administrator\My Documents\Web\sea\html\Copy of the CD\by year\1998\IEEE Formal Review\replicated\aal00468 --> hawk.iit.edu /web/usr1/csep/csep/Web/sea/html/Copy of the CD/by year/1998/IEEE Formal Review/replicated aal00468
2004.11.12 21:36 B C:\Documents and Settings\Administrator\My Documents\Web\sea\html\Copy of the CD\by year\1998\IEEE Formal Review\replicated\aam00468 --> hawk.iit.edu /web/usr1/csep/csep/Web/sea/html/Copy of the CD/by year/1998/IEEE Formal Review/replicated aam00468
2004.11.12 21:36 B C:\Documents and Settings\Administrator\My Documents\Web\sea\html\Copy of the CD\by year\1998\IEEE Formal Review\replicated\aan00468 --> hawk.iit.edu /web/usr1/csep/csep/Web/sea/html/Copy of the CD/by year/1998/IEEE Formal Review/replicated aan00468
2004.11.12 21:36 B C:\Documents and Settings\Administrator\My Documents\Web\sea\html\Copy of the CD\by year\1998\IEEE Formal Review\replicated\aao00468 --> hawk.iit.edu /web/usr1/csep/csep/Web/sea/html/Copy of the CD/by year/1998/IEEE Formal Review/replicated aao00468
2004.11.12 21:36 B C:\Documents and Settings\Administrator\My Documents\Web\sea\html\Copy of the CD\by year\1998\IEEE Formal Review\replicated\aap00468 --> hawk.iit.edu /web/usr1/csep/csep/Web/sea/html/Copy of the CD/by year/1998/IEEE Formal Review/replicated aap00468
2004.11.12 21:37 B C:\Documents and Settings\Administrator\My Documents\Web\sea\html\Copy of the CD\by year\1998\IEEE Formal Review\replicated\aaq00468 --> hawk.iit.edu /web/usr1/csep/csep/Web/sea/html/Copy of the CD/by year/1998/IEEE Formal Review/replicated aaq00468
2004.11.12 21:37 B C:\Documents and Settings\Administrator\My Documents\Web\sea\html\Copy of the CD\by year\1998\IEEE Formal Review\replicated\aar00468 --> hawk.iit.edu /web/usr1/csep/csep/Web/sea/html/Copy of the CD/by year/1998/IEEE Formal Review/replicated aar00468
2004.11.12 21:38 B C:\Documents and Settings\Administrator\My Documents\Web\sea\html\Copy of the CD\by year\1998\IEEE Formal Review\replicated\aas00468 --> hawk.iit.edu /web/usr1/csep/csep/Web/sea/html/Copy of the CD/by year/1998/IEEE Formal Review/replicated aas00468
2004.11.12 21:38 B C:\Documents and Settings\Administrator\My Documents\Web\sea\html\Copy of the CD\by year\1998\IEEE Formal Review\replicated\aat00468 --> hawk.iit.edu /web/usr1/csep/csep/Web/sea/html/Copy of the CD/by year/1998/IEEE Formal Review/replicated aat00468
2004.11.12 21:39 B C:\Documents and Settings\Administrator\My Documents\Web\sea\html\Copy of the CD\by year\1998\IEEE Formal Review\replicated\aau00468 --> hawk.iit.edu /web/usr1/csep/csep/Web/sea/html/Copy of the CD/by year/1998/IEEE Formal Review/replicated aau00468
2004.11.12 21:39 B C:\Documents and Settings\Administrator\My Documents\Web\sea\html\Copy of the CD\by year\1998\IEEE Formal Review\replicated\aav00468 --> hawk.iit.edu /web/usr1/csep/csep/Web/sea/html/Copy of the CD/by year/1998/IEEE Formal Review/replicated aav00468
2004.11.12 21:39 B C:\Documents and Settings\Administrator\My Documents\Web\sea\html\Copy of the CD\by year\1998\IEEE Formal Review\replicated\aaw00468 --> hawk.iit.edu /web/usr1/csep/csep/Web/sea/html/Copy of the CD/by year/1998/IEEE Formal Review/replicated aaw00468
2004.11.12 21:39 B C:\Documents and Settings\Administrator\My Documents\Web\sea\html\Copy of the CD\by year\1998\IEEE Formal Review\replicated\aax00468 --> hawk.iit.edu /web/usr1/csep/csep/Web/sea/html/Copy of the CD/by year/1998/IEEE Formal Review/replicated aax00468
2004.11.12 21:39 B C:\Documents and Settings\Administrator\My Documents\Web\sea\html\Copy of the CD\by year\1998\IEEE Formal Review\replicated\DG questions his responses.pdf --> hawk.iit.edu /web/usr1/csep/csep/Web/sea/html/Copy of the CD/by year/1998/IEEE Formal Review/replicated DG questions his responses.pdf
2004.11.12 21:39 B C:\Documents and Settings\Administrator\My Documents\Web\sea\html\Copy of the CD\by year\1998\IEEE Formal Review\replicated\IEEE Review and response revised.pdf --> hawk.iit.edu /web/usr1/csep/csep/Web/sea/html/Copy of the CD/by year/1998/IEEE Formal Review/replicated IEEE Review and response revised.pdf
2004.11.12 21:40 B C:\Documents and Settings\Administrator\My Documents\Web\sea\html\Copy of the CD\by year\1998\IEEE Formal Review\replicated\IEEE Review and response.pdf --> hawk.iit.edu /web/usr1/csep/csep/Web/sea/html/Copy of the CD/by year/1998/IEEE Formal Review/replicated IEEE Review and response.pdf
2004.11.12 21:40 B C:\Documents and Settings\Administrator\My Documents\Web\sea\html\Copy of the CD\by year\1998\IEEE Formal Review\replicated\IEEE Review.pdf --> hawk.iit.edu /web/usr1/csep/csep/Web/sea/html/Copy of the CD/by year/1998/IEEE Formal Review/replicated IEEE Review.pdf
2004.11.12 21:40 B C:\Documents and Settings\Administrator\My Documents\Web\sea\html\Copy of the CD\by year\1998\IEEE Formal Review\replicated\Jacques BERLEUR committees coments.pdf --> hawk.iit.edu /web/usr1/csep/csep/Web/sea/html/Copy of the CD/by year/1998/IEEE Formal Review/replicated Jacques BERLEUR committees coments.pdf
2004.11.12 21:41 B C:\Documents and Settings\Administrator\My Documents\Web\sea\html\Copy of the CD\by year\1998\IEEE Formal Review\replicated\NotestoSKreVote.pdf --> hawk.iit.edu /web/usr1/csep/csep/Web/sea/html/Copy of the CD/by year/1998/IEEE Formal Review/replicated NotestoSKreVote.pdf
2004.11.12 21:41 B C:\Documents and Settings\Administrator\My Documents\Web\sea\html\Copy of the CD\by year\1998\IEEE Formal Review\replicated\REPLYDoNE.pdf --> hawk.iit.edu /web/usr1/csep/csep/Web/sea/html/Copy of the CD/by year/1998/IEEE Formal Review/replicated REPLYDoNE.pdf
2004.11.12 21:41 B C:\Documents and Settings\Administrator\My Documents\Web\sea\html\Copy of the CD\by year\1998\IEEE Formal Review\replicated\rply aug13.pdf --> hawk.iit.edu /web/usr1/csep/csep/Web/sea/html/Copy of the CD/by year/1998/IEEE Formal Review/replicated rply aug13.pdf
2004.11.12 21:42 B C:\Documents and Settings\Administrator\My Documents\Web\sea\html\Copy of the CD\by year\1998\IEEE Formal Review\replicated\SEVoteRply.pdf --> hawk.iit.edu /web/usr1/csep/csep/Web/sea/html/Copy of the CD/by year/1998/IEEE Formal Review/replicated SEVoteRply.pdf
2004.11.12 21:42 B C:\Documents and Settings\Administrator\My Documents\Web\sea\html\Copy of the CD\by year\1998\IEEE Formal Review\replicated\V5 changes per IEEE Comments.pdf --> hawk.iit.edu /web/usr1/csep/csep/Web/sea/html/Copy of the CD/by year/1998/IEEE Formal Review/replicated V5 changes per IEEE Comments.pdf
2004.11.12 21:42 B C:\Documents and Settings\Administrator\My Documents\Web\sea\html\Copy of the CD\by year\1998\IEEE Formal Review\replicated\VER40b.pdf --> hawk.iit.edu /web/usr1/csep/csep/Web/sea/html/Copy of the CD/by year/1998/IEEE Formal Review/replicated VER40b.pdf
2004.11.12 21:42 B C:\Documents and Settings\Administrator\My Documents\Web\sea\html\Copy of the CD\by year\1998\IEEE Formal Review\replicated\VER40C.pdf --> hawk.iit.edu /web/usr1/csep/csep/Web/sea/html/Copy of the CD/by year/1998/IEEE Formal Review/replicated VER40C.pdf
2004.11.12 21:42 B C:\Documents and Settings\Administrator\My Documents\Web\sea\html\Copy of the CD\by year\1998\IEEE Formal Review\replicated\WS_FTP.LOG --> hawk.iit.edu /web/usr1/csep/csep/Web/sea/html/Copy of the CD/by year/1998/IEEE Formal Review/replicated WS_FTP.LOG
