2003.04.21 14:36 B C:\Documents and Settings\Administrator\My Documents\Web\sea\html\Copy of the CD\by year\1998\IEEE Formal Review\DG questions his responses.doc --> hawk.cns.iit.edu /web/usr1/csep/csep/Web/sea/html/Copy of the CD/by year/by year/1998/IEEE Formal Review DG questions his responses.doc
2003.04.21 14:36 B C:\Documents and Settings\Administrator\My Documents\Web\sea\html\Copy of the CD\by year\1998\IEEE Formal Review\IEEE Review and response revised.doc --> hawk.cns.iit.edu /web/usr1/csep/csep/Web/sea/html/Copy of the CD/by year/by year/1998/IEEE Formal Review IEEE Review and response revised.doc
2003.04.21 14:36 B C:\Documents and Settings\Administrator\My Documents\Web\sea\html\Copy of the CD\by year\1998\IEEE Formal Review\IEEE Review and response.doc --> hawk.cns.iit.edu /web/usr1/csep/csep/Web/sea/html/Copy of the CD/by year/by year/1998/IEEE Formal Review IEEE Review and response.doc
2003.04.21 14:37 B C:\Documents and Settings\Administrator\My Documents\Web\sea\html\Copy of the CD\by year\1998\IEEE Formal Review\IEEE Review.doc --> hawk.cns.iit.edu /web/usr1/csep/csep/Web/sea/html/Copy of the CD/by year/by year/1998/IEEE Formal Review IEEE Review.doc
2003.04.21 14:37 B C:\Documents and Settings\Administrator\My Documents\Web\sea\html\Copy of the CD\by year\1998\IEEE Formal Review\Jacques BERLEUR committees coments.doc --> hawk.cns.iit.edu /web/usr1/csep/csep/Web/sea/html/Copy of the CD/by year/by year/1998/IEEE Formal Review Jacques BERLEUR committees coments.doc
2003.04.21 14:37 B C:\Documents and Settings\Administrator\My Documents\Web\sea\html\Copy of the CD\by year\1998\IEEE Formal Review\NotestoSKreVote.doc --> hawk.cns.iit.edu /web/usr1/csep/csep/Web/sea/html/Copy of the CD/by year/by year/1998/IEEE Formal Review NotestoSKreVote.doc
2003.04.21 14:37 B C:\Documents and Settings\Administrator\My Documents\Web\sea\html\Copy of the CD\by year\1998\IEEE Formal Review\REPLYDoNE.doc --> hawk.cns.iit.edu /web/usr1/csep/csep/Web/sea/html/Copy of the CD/by year/by year/1998/IEEE Formal Review REPLYDoNE.doc
2003.04.21 14:37 B C:\Documents and Settings\Administrator\My Documents\Web\sea\html\Copy of the CD\by year\1998\IEEE Formal Review\rply aug13.doc --> hawk.cns.iit.edu /web/usr1/csep/csep/Web/sea/html/Copy of the CD/by year/by year/1998/IEEE Formal Review rply aug13.doc
2003.04.21 14:37 B C:\Documents and Settings\Administrator\My Documents\Web\sea\html\Copy of the CD\by year\1998\IEEE Formal Review\SEVoteRply.doc --> hawk.cns.iit.edu /web/usr1/csep/csep/Web/sea/html/Copy of the CD/by year/by year/1998/IEEE Formal Review SEVoteRply.doc
2003.04.21 14:37 B C:\Documents and Settings\Administrator\My Documents\Web\sea\html\Copy of the CD\by year\1998\IEEE Formal Review\V5 changes per IEEE Comments.doc --> hawk.cns.iit.edu /web/usr1/csep/csep/Web/sea/html/Copy of the CD/by year/by year/1998/IEEE Formal Review V5 changes per IEEE Comments.doc
2003.04.21 14:37 B C:\Documents and Settings\Administrator\My Documents\Web\sea\html\Copy of the CD\by year\1998\IEEE Formal Review\VER40b.doc --> hawk.cns.iit.edu /web/usr1/csep/csep/Web/sea/html/Copy of the CD/by year/by year/1998/IEEE Formal Review VER40b.doc
2003.04.21 14:37 B C:\Documents and Settings\Administrator\My Documents\Web\sea\html\Copy of the CD\by year\1998\IEEE Formal Review\VER40C.DOC --> hawk.cns.iit.edu /web/usr1/csep/csep/Web/sea/html/Copy of the CD/by year/by year/1998/IEEE Formal Review VER40C.DOC
2003.04.21 14:46 B C:\Documents and Settings\Administrator\My Documents\Web\sea\html\Copy of the CD\by year\1998\IEEE Formal Review\DG questions his responses.doc --> hawk.cns.iit.edu /web/usr1/csep/csep/Web/sea/html/Copy of the CD/by year/1998/IEEE Formal Review DG questions his responses.doc
2003.04.21 14:46 B C:\Documents and Settings\Administrator\My Documents\Web\sea\html\Copy of the CD\by year\1998\IEEE Formal Review\IEEE Review and response revised.doc --> hawk.cns.iit.edu /web/usr1/csep/csep/Web/sea/html/Copy of the CD/by year/1998/IEEE Formal Review IEEE Review and response revised.doc
2003.04.21 14:46 B C:\Documents and Settings\Administrator\My Documents\Web\sea\html\Copy of the CD\by year\1998\IEEE Formal Review\IEEE Review and response.doc --> hawk.cns.iit.edu /web/usr1/csep/csep/Web/sea/html/Copy of the CD/by year/1998/IEEE Formal Review IEEE Review and response.doc
2003.04.21 14:46 B C:\Documents and Settings\Administrator\My Documents\Web\sea\html\Copy of the CD\by year\1998\IEEE Formal Review\IEEE Review.doc --> hawk.cns.iit.edu /web/usr1/csep/csep/Web/sea/html/Copy of the CD/by year/1998/IEEE Formal Review IEEE Review.doc
2003.04.21 14:46 B C:\Documents and Settings\Administrator\My Documents\Web\sea\html\Copy of the CD\by year\1998\IEEE Formal Review\Jacques BERLEUR committees coments.doc --> hawk.cns.iit.edu /web/usr1/csep/csep/Web/sea/html/Copy of the CD/by year/1998/IEEE Formal Review Jacques BERLEUR committees coments.doc
2003.04.21 14:46 B C:\Documents and Settings\Administrator\My Documents\Web\sea\html\Copy of the CD\by year\1998\IEEE Formal Review\NotestoSKreVote.doc --> hawk.cns.iit.edu /web/usr1/csep/csep/Web/sea/html/Copy of the CD/by year/1998/IEEE Formal Review NotestoSKreVote.doc
2003.04.21 14:46 B C:\Documents and Settings\Administrator\My Documents\Web\sea\html\Copy of the CD\by year\1998\IEEE Formal Review\REPLYDoNE.doc --> hawk.cns.iit.edu /web/usr1/csep/csep/Web/sea/html/Copy of the CD/by year/1998/IEEE Formal Review REPLYDoNE.doc
2003.04.21 14:46 B C:\Documents and Settings\Administrator\My Documents\Web\sea\html\Copy of the CD\by year\1998\IEEE Formal Review\rply aug13.doc --> hawk.cns.iit.edu /web/usr1/csep/csep/Web/sea/html/Copy of the CD/by year/1998/IEEE Formal Review rply aug13.doc
2003.04.21 14:46 B C:\Documents and Settings\Administrator\My Documents\Web\sea\html\Copy of the CD\by year\1998\IEEE Formal Review\SEVoteRply.doc --> hawk.cns.iit.edu /web/usr1/csep/csep/Web/sea/html/Copy of the CD/by year/1998/IEEE Formal Review SEVoteRply.doc
2003.04.21 14:46 B C:\Documents and Settings\Administrator\My Documents\Web\sea\html\Copy of the CD\by year\1998\IEEE Formal Review\V5 changes per IEEE Comments.doc --> hawk.cns.iit.edu /web/usr1/csep/csep/Web/sea/html/Copy of the CD/by year/1998/IEEE Formal Review V5 changes per IEEE Comments.doc
2003.04.21 14:46 B C:\Documents and Settings\Administrator\My Documents\Web\sea\html\Copy of the CD\by year\1998\IEEE Formal Review\VER40b.doc --> hawk.cns.iit.edu /web/usr1/csep/csep/Web/sea/html/Copy of the CD/by year/1998/IEEE Formal Review VER40b.doc
2003.04.21 14:46 B C:\Documents and Settings\Administrator\My Documents\Web\sea\html\Copy of the CD\by year\1998\IEEE Formal Review\VER40C.DOC --> hawk.cns.iit.edu /web/usr1/csep/csep/Web/sea/html/Copy of the CD/by year/1998/IEEE Formal Review VER40C.DOC
2003.04.21 14:46 B C:\Documents and Settings\Administrator\My Documents\Web\sea\html\Copy of the CD\by year\1998\IEEE Formal Review\WS_FTP.LOG --> hawk.cns.iit.edu /web/usr1/csep/csep/Web/sea/html/Copy of the CD/by year/1998/IEEE Formal Review WS_FTP.LOG
2004.11.12 21:51 B C:\Documents and Settings\Administrator\My Documents\Web\sea\html\Copy of the CD\by year\1998\IEEE Formal Review\DG questions his responses.doc --> hawk.iit.edu /web/usr1/csep/csep/Web/sea/html/Copy of the CD/by year/1998/IEEE Formal Review DG questions his responses.doc
2004.11.12 21:51 B C:\Documents and Settings\Administrator\My Documents\Web\sea\html\Copy of the CD\by year\1998\IEEE Formal Review\IEEE Review and response revised.doc --> hawk.iit.edu /web/usr1/csep/csep/Web/sea/html/Copy of the CD/by year/1998/IEEE Formal Review IEEE Review and response revised.doc
2004.11.12 21:53 B C:\Documents and Settings\Administrator\My Documents\Web\sea\html\Copy of the CD\by year\1998\IEEE Formal Review\IEEE Review and response.doc --> hawk.iit.edu /web/usr1/csep/csep/Web/sea/html/Copy of the CD/by year/1998/IEEE Formal Review IEEE Review and response.doc
2004.11.12 21:54 B C:\Documents and Settings\Administrator\My Documents\Web\sea\html\Copy of the CD\by year\1998\IEEE Formal Review\IEEE Review.doc --> hawk.iit.edu /web/usr1/csep/csep/Web/sea/html/Copy of the CD/by year/1998/IEEE Formal Review IEEE Review.doc
2004.11.12 21:54 B C:\Documents and Settings\Administrator\My Documents\Web\sea\html\Copy of the CD\by year\1998\IEEE Formal Review\Jacques BERLEUR committees coments.doc --> hawk.iit.edu /web/usr1/csep/csep/Web/sea/html/Copy of the CD/by year/1998/IEEE Formal Review Jacques BERLEUR committees coments.doc
2004.11.12 21:54 B C:\Documents and Settings\Administrator\My Documents\Web\sea\html\Copy of the CD\by year\1998\IEEE Formal Review\NotestoSKreVote.doc --> hawk.iit.edu /web/usr1/csep/csep/Web/sea/html/Copy of the CD/by year/1998/IEEE Formal Review NotestoSKreVote.doc
2004.11.12 21:55 B C:\Documents and Settings\Administrator\My Documents\Web\sea\html\Copy of the CD\by year\1998\IEEE Formal Review\REPLYDoNE.doc --> hawk.iit.edu /web/usr1/csep/csep/Web/sea/html/Copy of the CD/by year/1998/IEEE Formal Review REPLYDoNE.doc
2004.11.12 21:55 B C:\Documents and Settings\Administrator\My Documents\Web\sea\html\Copy of the CD\by year\1998\IEEE Formal Review\rply aug13.doc --> hawk.iit.edu /web/usr1/csep/csep/Web/sea/html/Copy of the CD/by year/1998/IEEE Formal Review rply aug13.doc
2004.11.12 21:57 B C:\Documents and Settings\Administrator\My Documents\Web\sea\html\Copy of the CD\by year\1998\IEEE Formal Review\SEVoteRply.doc --> hawk.iit.edu /web/usr1/csep/csep/Web/sea/html/Copy of the CD/by year/1998/IEEE Formal Review SEVoteRply.doc
2004.11.12 21:58 B C:\Documents and Settings\Administrator\My Documents\Web\sea\html\Copy of the CD\by year\1998\IEEE Formal Review\V5 changes per IEEE Comments.doc --> hawk.iit.edu /web/usr1/csep/csep/Web/sea/html/Copy of the CD/by year/1998/IEEE Formal Review V5 changes per IEEE Comments.doc
2004.11.12 21:58 B C:\Documents and Settings\Administrator\My Documents\Web\sea\html\Copy of the CD\by year\1998\IEEE Formal Review\VER40b.doc --> hawk.iit.edu /web/usr1/csep/csep/Web/sea/html/Copy of the CD/by year/1998/IEEE Formal Review VER40b.doc
2004.11.12 21:58 B C:\Documents and Settings\Administrator\My Documents\Web\sea\html\Copy of the CD\by year\1998\IEEE Formal Review\VER40C.DOC --> hawk.iit.edu /web/usr1/csep/csep/Web/sea/html/Copy of the CD/by year/1998/IEEE Formal Review VER40C.DOC
2004.11.12 21:58 B C:\Documents and Settings\Administrator\My Documents\Web\sea\html\Copy of the CD\by year\1998\IEEE Formal Review\WS_FTP.LOG --> hawk.iit.edu /web/usr1/csep/csep/Web/sea/html/Copy of the CD/by year/1998/IEEE Formal Review WS_FTP.LOG
